=====================================================================
== D:\SteamLibrary\steamapps\common\DayZServer\DayZServer_x64.exe
== "DayZServer_x64.exe" -config=serverDZ-Namalsk.cfg -port=2303 -profiles=D:\SteamLibrary\steamapps\common\DayZServer\set\server01 -mod=@CF;@Namalsk-Island;@Namalsk-Survival;@Inventory_Zipper;@Zen'sImmersiveLogin;@Soundinunconscious(RELIFE);@InventoryMoveSounds;@ItemSizeTweak;
=====================================================================
Exe timestamp: 2023/09/30 07:51:18
Current time:  2023/10/03 18:37:16
Version 1.22.156718
=====================================================================

18:37:16.513 [Inputs] Loading inputs default "bin/constants.xml"
18:37:16.521 [Inputs] Loading inputs default "bin/specific.xml"
18:37:16.521 [Inputs] Loading inputs default "InventoryMoveSounds/Scripts/Data/Inputs.xml"
18:37:16.522 [Inputs] Loading inputs default "nst/ns_dayz/scripts/Data/Inputs.xml"
18:37:16.522 [Inputs] Loading inputs cfg "D:\SteamLibrary\steamapps\common\DayZServer\set\server01\Users\Survivor\Server.core.xml"
18:37:16.535 [Inputs] Exporting inputs cfg "D:\SteamLibrary\steamapps\common\DayZServer\set\server01\Users\Survivor\Server.core.xml"
18:37:26.866 [CE][Hive] :: Initializing OFFLINE
18:37:26.866 [StorageDirs] :: Selected storage directory: D:\SteamLibrary\steamapps\common\DayZServer\mpmissions\regular.namalsk\storage_1\
18:37:26.868 [CE][Hive] :: Loading core data ... 
18:37:26.872 [CE][CoreData] :: 7 root classes, 0 defaults, 0 updaters...
18:37:30.529 [CE] :: WARNING :: Preset map "headsFirefighter" is EMPTY.
18:37:30.530 [CE][TypeSetup] :: 586 classes setuped...
18:37:30.874 [CE][RegisterBind] :: 0 classes binded...
18:37:30.874 [CE][RegisterConfig] :: 5197 config classes registered, 0 sub-counters...
18:37:30.874 [CE][Hive] :: Loading map data ... 
18:37:30.939 [CE][LoadPrototype] :: loaded 256 prototypes
18:37:30.939   404 containers, 7415 points
18:37:30.939   1 dispatches, 1 proxies
18:37:30.939 !!! [CE][LoadPrototype] 1 groups have wrong points...
18:37:30.940 [CE][LoadPrototype] :: last group name: land_frozen_person...
18:37:30.950 [CE][LoadPrototype] :: loaded 0 prototypes
18:37:30.951   38 containers, 66 points
18:37:30.951   0 dispatches, 0 proxies
18:37:30.952 [CE][LoadPrototype] :: last group name: StoneLoc38...
18:37:31.13 [CE][LoadMap] "Group" :: loaded 1445 groups, groups failed: 0, largest group range: 36.4
18:37:31.19 [CE][LoadMap] "Dirt" :: loaded 0 groups, groups failed: 0, largest group range: 36.4
18:37:31.24 [CE][Links] found 472 total links between groups, of 1445
18:37:31.24 [CE][LoadClusters] "Cluster" :: Loading files...
18:37:31.43 [CE][LoadClusters] :: file: "mapgroupcluster.xml", 1 types, 2418 instances
18:37:31.50 [CE][Storage] ver:21 stamp:764, valid:yes, name:"D:\SteamLibrary\steamapps\common\DayZServer\mpmissions\regular.namalsk\storage_1\data\types.bin"
18:37:31.57 [CE][Storage] ver:21 stamp:762, valid:yes, name:"D:\SteamLibrary\steamapps\common\DayZServer\mpmissions\regular.namalsk\storage_1\data\types.001"
18:37:31.64 [CE][Storage] ver:21 stamp:763, valid:yes, name:"D:\SteamLibrary\steamapps\common\DayZServer\mpmissions\regular.namalsk\storage_1\data\types.002"
18:37:31.65 [CE][Storage] Restoring file "D:\SteamLibrary\steamapps\common\DayZServer\mpmissions\regular.namalsk\storage_1\data\types.bin".
18:37:31.131 [CE][offlineDB] :: Loaded 21 dynamic events 173 total types.
18:37:31.173 !!! [CE][offlineDB] :: Type 'ChristmasTree' will be ignored. (Not spawnable. (Scope is not public?))
18:37:31.202 [CE][DE][SPAWNS] :: Total positions: 677
18:37:31.202 [CE][DE][GROUPS] :: Total eventgroups defined: 0, Eventgroups in use: 0
18:37:31.208 [CE][Storage] ver:21 stamp:764, valid:yes, name:"D:\SteamLibrary\steamapps\common\DayZServer\mpmissions\regular.namalsk\storage_1\data\events.bin"
18:37:31.214 [CE][Storage] ver:21 stamp:762, valid:yes, name:"D:\SteamLibrary\steamapps\common\DayZServer\mpmissions\regular.namalsk\storage_1\data\events.001"
18:37:31.219 [CE][Storage] ver:21 stamp:763, valid:yes, name:"D:\SteamLibrary\steamapps\common\DayZServer\mpmissions\regular.namalsk\storage_1\data\events.002"
18:37:31.220 [CE][Storage] Restoring file "D:\SteamLibrary\steamapps\common\DayZServer\mpmissions\regular.namalsk\storage_1\data\events.bin".
18:37:31.220 [CE][DynamicEvent] Load  Events:[21] Primary spawners: 21 Secondary spawners: 0
18:37:31.226 [CE][Storage] ver:25 stamp:764, valid:yes, name:"D:\SteamLibrary\steamapps\common\DayZServer\mpmissions\regular.namalsk\storage_1\data\dynamic_000.bin"
18:37:31.231 [CE][Storage] ver:25 stamp:762, valid:yes, name:"D:\SteamLibrary\steamapps\common\DayZServer\mpmissions\regular.namalsk\storage_1\data\dynamic_000.001"
18:37:31.236 [CE][Storage] ver:25 stamp:763, valid:yes, name:"D:\SteamLibrary\steamapps\common\DayZServer\mpmissions\regular.namalsk\storage_1\data\dynamic_000.002"
18:37:31.237 [CE][Storage] Restoring file "D:\SteamLibrary\steamapps\common\DayZServer\mpmissions\regular.namalsk\storage_1\data\dynamic_000.bin" 1 items.
18:37:31.238   1 items loaded. (0 failed)
18:37:31.244 [CE][Storage] ver:25 stamp:764, valid:yes, name:"D:\SteamLibrary\steamapps\common\DayZServer\mpmissions\regular.namalsk\storage_1\data\dynamic_001.bin"
18:37:31.250 [CE][Storage] ver:25 stamp:762, valid:yes, name:"D:\SteamLibrary\steamapps\common\DayZServer\mpmissions\regular.namalsk\storage_1\data\dynamic_001.001"
18:37:31.257 [CE][Storage] ver:25 stamp:763, valid:yes, name:"D:\SteamLibrary\steamapps\common\DayZServer\mpmissions\regular.namalsk\storage_1\data\dynamic_001.002"
18:37:31.257 [CE][Storage] Restoring file "D:\SteamLibrary\steamapps\common\DayZServer\mpmissions\regular.namalsk\storage_1\data\dynamic_001.bin" 28 items.
18:37:31.302   28 items loaded. (0 failed)
18:37:31.309 [CE][Storage] ver:25 stamp:764, valid:yes, name:"D:\SteamLibrary\steamapps\common\DayZServer\mpmissions\regular.namalsk\storage_1\data\dynamic_002.bin"
18:37:31.314 [CE][Storage] ver:25 stamp:762, valid:yes, name:"D:\SteamLibrary\steamapps\common\DayZServer\mpmissions\regular.namalsk\storage_1\data\dynamic_002.001"
18:37:31.344 [CE][Storage] ver:25 stamp:763, valid:yes, name:"D:\SteamLibrary\steamapps\common\DayZServer\mpmissions\regular.namalsk\storage_1\data\dynamic_002.002"
18:37:31.344 [CE][Storage] Restoring file "D:\SteamLibrary\steamapps\common\DayZServer\mpmissions\regular.namalsk\storage_1\data\dynamic_002.bin" 64 items.
18:37:31.404   64 items loaded. (0 failed)
18:37:31.410 [CE][Storage] ver:25 stamp:764, valid:yes, name:"D:\SteamLibrary\steamapps\common\DayZServer\mpmissions\regular.namalsk\storage_1\data\dynamic_003.bin"
18:37:31.417 [CE][Storage] ver:25 stamp:762, valid:yes, name:"D:\SteamLibrary\steamapps\common\DayZServer\mpmissions\regular.namalsk\storage_1\data\dynamic_003.001"
18:37:31.425 [CE][Storage] ver:25 stamp:763, valid:yes, name:"D:\SteamLibrary\steamapps\common\DayZServer\mpmissions\regular.namalsk\storage_1\data\dynamic_003.002"
18:37:31.425 [CE][Storage] Restoring file "D:\SteamLibrary\steamapps\common\DayZServer\mpmissions\regular.namalsk\storage_1\data\dynamic_003.bin" 779 items.
18:37:31.919   779 items loaded. (0 failed)
18:37:31.926 [CE][Storage] ver:25 stamp:764, valid:yes, name:"D:\SteamLibrary\steamapps\common\DayZServer\mpmissions\regular.namalsk\storage_1\data\dynamic_004.bin"
18:37:31.932 [CE][Storage] ver:25 stamp:762, valid:yes, name:"D:\SteamLibrary\steamapps\common\DayZServer\mpmissions\regular.namalsk\storage_1\data\dynamic_004.001"
18:37:31.939 [CE][Storage] ver:25 stamp:763, valid:yes, name:"D:\SteamLibrary\steamapps\common\DayZServer\mpmissions\regular.namalsk\storage_1\data\dynamic_004.002"
18:37:31.940 [CE][Storage] Restoring file "D:\SteamLibrary\steamapps\common\DayZServer\mpmissions\regular.namalsk\storage_1\data\dynamic_004.bin" 1686 items.
18:37:32.546   1686 items loaded. (0 failed)
18:37:32.553 [CE][Storage] ver:25 stamp:764, valid:yes, name:"D:\SteamLibrary\steamapps\common\DayZServer\mpmissions\regular.namalsk\storage_1\data\dynamic_005.bin"
18:37:32.560 [CE][Storage] ver:25 stamp:762, valid:yes, name:"D:\SteamLibrary\steamapps\common\DayZServer\mpmissions\regular.namalsk\storage_1\data\dynamic_005.001"
18:37:32.566 [CE][Storage] ver:25 stamp:763, valid:yes, name:"D:\SteamLibrary\steamapps\common\DayZServer\mpmissions\regular.namalsk\storage_1\data\dynamic_005.002"
18:37:32.566 [CE][Storage] Restoring file "D:\SteamLibrary\steamapps\common\DayZServer\mpmissions\regular.namalsk\storage_1\data\dynamic_005.bin" 582 items.
18:37:32.780   582 items loaded. (0 failed)
18:37:32.787 [CE][Storage] ver:25 stamp:764, valid:yes, name:"D:\SteamLibrary\steamapps\common\DayZServer\mpmissions\regular.namalsk\storage_1\data\dynamic_006.bin"
18:37:32.796 [CE][Storage] ver:25 stamp:762, valid:yes, name:"D:\SteamLibrary\steamapps\common\DayZServer\mpmissions\regular.namalsk\storage_1\data\dynamic_006.001"
18:37:32.804 [CE][Storage] ver:25 stamp:763, valid:yes, name:"D:\SteamLibrary\steamapps\common\DayZServer\mpmissions\regular.namalsk\storage_1\data\dynamic_006.002"
18:37:32.805 [CE][Storage] Restoring file "D:\SteamLibrary\steamapps\common\DayZServer\mpmissions\regular.namalsk\storage_1\data\dynamic_006.bin" 1705 items.
18:37:33.353   1705 items loaded. (0 failed)
18:37:33.361 [CE][Storage] ver:25 stamp:764, valid:yes, name:"D:\SteamLibrary\steamapps\common\DayZServer\mpmissions\regular.namalsk\storage_1\data\dynamic_007.bin"
18:37:33.368 [CE][Storage] ver:25 stamp:762, valid:yes, name:"D:\SteamLibrary\steamapps\common\DayZServer\mpmissions\regular.namalsk\storage_1\data\dynamic_007.001"
18:37:33.375 [CE][Storage] ver:25 stamp:763, valid:yes, name:"D:\SteamLibrary\steamapps\common\DayZServer\mpmissions\regular.namalsk\storage_1\data\dynamic_007.002"
18:37:33.376 [CE][Storage] Restoring file "D:\SteamLibrary\steamapps\common\DayZServer\mpmissions\regular.namalsk\storage_1\data\dynamic_007.bin" 569 items.
18:37:33.583   569 items loaded. (0 failed)
18:37:33.588 [CE][Storage] ver:25 stamp:764, valid:yes, name:"D:\SteamLibrary\steamapps\common\DayZServer\mpmissions\regular.namalsk\storage_1\data\dynamic_008.bin"
18:37:33.594 [CE][Storage] ver:25 stamp:762, valid:yes, name:"D:\SteamLibrary\steamapps\common\DayZServer\mpmissions\regular.namalsk\storage_1\data\dynamic_008.001"
18:37:33.601 [CE][Storage] ver:25 stamp:763, valid:yes, name:"D:\SteamLibrary\steamapps\common\DayZServer\mpmissions\regular.namalsk\storage_1\data\dynamic_008.002"
18:37:33.601 [CE][Storage] Restoring file "D:\SteamLibrary\steamapps\common\DayZServer\mpmissions\regular.namalsk\storage_1\data\dynamic_008.bin" 124 items.
18:37:33.656   124 items loaded. (0 failed)
18:37:33.661 [CE][Storage] ver:25 stamp:764, valid:yes, name:"D:\SteamLibrary\steamapps\common\DayZServer\mpmissions\regular.namalsk\storage_1\data\dynamic_009.bin"
18:37:33.667 [CE][Storage] ver:25 stamp:762, valid:yes, name:"D:\SteamLibrary\steamapps\common\DayZServer\mpmissions\regular.namalsk\storage_1\data\dynamic_009.001"
18:37:33.672 [CE][Storage] ver:25 stamp:763, valid:yes, name:"D:\SteamLibrary\steamapps\common\DayZServer\mpmissions\regular.namalsk\storage_1\data\dynamic_009.002"
18:37:33.673 [CE][Storage] Restoring file "D:\SteamLibrary\steamapps\common\DayZServer\mpmissions\regular.namalsk\storage_1\data\dynamic_009.bin" 0 items.
18:37:33.674   0 items loaded. (0 failed)
18:37:33.681 [CE][Storage] ver:25 stamp:764, valid:yes, name:"D:\SteamLibrary\steamapps\common\DayZServer\mpmissions\regular.namalsk\storage_1\data\dynamic_010.bin"
18:37:33.688 [CE][Storage] ver:25 stamp:762, valid:yes, name:"D:\SteamLibrary\steamapps\common\DayZServer\mpmissions\regular.namalsk\storage_1\data\dynamic_010.001"
18:37:33.697 [CE][Storage] ver:25 stamp:763, valid:yes, name:"D:\SteamLibrary\steamapps\common\DayZServer\mpmissions\regular.namalsk\storage_1\data\dynamic_010.002"
18:37:33.698 [CE][Storage] Restoring file "D:\SteamLibrary\steamapps\common\DayZServer\mpmissions\regular.namalsk\storage_1\data\dynamic_010.bin" 43 items.
18:37:33.725   43 items loaded. (0 failed)
18:37:33.730 [CE][Storage] ver:25 stamp:764, valid:yes, name:"D:\SteamLibrary\steamapps\common\DayZServer\mpmissions\regular.namalsk\storage_1\data\dynamic_011.bin"
18:37:33.736 [CE][Storage] ver:25 stamp:762, valid:yes, name:"D:\SteamLibrary\steamapps\common\DayZServer\mpmissions\regular.namalsk\storage_1\data\dynamic_011.001"
18:37:33.742 [CE][Storage] ver:25 stamp:763, valid:yes, name:"D:\SteamLibrary\steamapps\common\DayZServer\mpmissions\regular.namalsk\storage_1\data\dynamic_011.002"
18:37:33.742 [CE][Storage] Restoring file "D:\SteamLibrary\steamapps\common\DayZServer\mpmissions\regular.namalsk\storage_1\data\dynamic_011.bin" 51 items.
18:37:33.766   51 items loaded. (0 failed)
18:37:33.771 [CE][Storage] ver:26 stamp:764, valid:yes, name:"D:\SteamLibrary\steamapps\common\DayZServer\mpmissions\regular.namalsk\storage_1\data\building.bin"
18:37:33.776 [CE][Storage] ver:26 stamp:762, valid:yes, name:"D:\SteamLibrary\steamapps\common\DayZServer\mpmissions\regular.namalsk\storage_1\data\building.001"
18:37:33.781 [CE][Storage] ver:26 stamp:763, valid:yes, name:"D:\SteamLibrary\steamapps\common\DayZServer\mpmissions\regular.namalsk\storage_1\data\building.002"
18:37:33.782 [CE][Storage] Restoring file "D:\SteamLibrary\steamapps\common\DayZServer\mpmissions\regular.namalsk\storage_1\data\building.bin" 0 items.
18:37:33.783   0 items loaded. (0 failed)
18:37:33.789 [CE][Storage] ver:25 stamp:764, valid:yes, name:"D:\SteamLibrary\steamapps\common\DayZServer\mpmissions\regular.namalsk\storage_1\data\vehicles.bin"
18:37:33.795 [CE][Storage] ver:25 stamp:762, valid:yes, name:"D:\SteamLibrary\steamapps\common\DayZServer\mpmissions\regular.namalsk\storage_1\data\vehicles.001"
18:37:33.801 [CE][Storage] ver:25 stamp:763, valid:yes, name:"D:\SteamLibrary\steamapps\common\DayZServer\mpmissions\regular.namalsk\storage_1\data\vehicles.002"
18:37:33.802 [CE][Storage] Restoring file "D:\SteamLibrary\steamapps\common\DayZServer\mpmissions\regular.namalsk\storage_1\data\vehicles.bin" 52 items.
18:37:33.974   52 items loaded. (0 failed)
18:37:33.993 [CE][Hive] :: Storage load took:2.78 seconds, recovery stamp:764
18:37:33.993   entity: 6275, building: 0
18:37:33.993   no lifetime: 8
18:37:33.993   pathgraph's: 112
18:37:33.995 [CE][Hive] :: Initializing ... 
18:37:34.09 [CE][InitializeMap] :: initialized: 0
18:37:34.09 [CE][Hive] :: Initializing spawners ... 
18:37:34.10 [CE][LootRespawner] (PRIDummy) :: Initially (re)spawned:0, Nominal:6222, Total in Map: 5710 at 0 (sec)
18:37:34.10   tests:0, repeats:0 fails:0, overtime:0
18:37:35.295 [CE][DynEvent] :: 21 types
18:37:35.295 [00] Loot
18:37:35.295   Primary Spawner: "Loot", active: yes, repeat: 2
18:37:35.295 [01] StaticMedDrop
18:37:35.295   Primary Spawner: "Static", active: yes, repeat: 1
18:37:35.295 [02] StaticLifeboat
18:37:35.295   Primary Spawner: "Static", active: yes, repeat: 1
18:37:35.295 [03] ItemWoodenPlanks
18:37:35.295   Primary Spawner: "Item", active: yes, repeat: 1
18:37:35.295 [04] TrajectoryStones
18:37:35.295   Primary Spawner: "Trajectory", active: yes, repeat: 1
18:37:35.295 [05] InfectedSanta
18:37:35.295   Primary Spawner: "Infected", active: yes, repeat: 1
18:37:35.295 [06] InfectedArmy
18:37:35.295   Primary Spawner: "Infected", active: yes, repeat: 1
18:37:35.295 [07] InfectedIndustrial
18:37:35.295   Primary Spawner: "Infected", active: yes, repeat: 1
18:37:35.295 [08] InfectedCivil
18:37:35.295   Primary Spawner: "Infected", active: yes, repeat: 1
18:37:35.295 [09] InfectedMedic
18:37:35.295   Primary Spawner: "Infected", active: yes, repeat: 1
18:37:35.295 [10] AnimalGoat
18:37:35.295   Primary Spawner: "Animal", active: yes, repeat: 1
18:37:35.295 [11] AnimalSheep
18:37:35.295   Primary Spawner: "Animal", active: yes, repeat: 1
18:37:35.295 [12] AnimalRoeDeer
18:37:35.295   Primary Spawner: "Animal", active: yes, repeat: 1
18:37:35.295 [13] AnimalDeer
18:37:35.295   Primary Spawner: "Animal", active: yes, repeat: 1
18:37:35.295 [14] AnimalWildBoar
18:37:35.295   Primary Spawner: "Animal", active: yes, repeat: 1
18:37:35.295 [15] AnimalWolf
18:37:35.295   Primary Spawner: "Animal", active: yes, repeat: 1
18:37:35.295 [16] AnimalBrownBear
18:37:35.295   Primary Spawner: "Animal", active: yes, repeat: 1
18:37:35.295 [17] AnimalPolarBear
18:37:35.295   Primary Spawner: "Animal", active: yes, repeat: 1
18:37:35.295 [18] VehicleCivilianCars
18:37:35.295   Primary Spawner: "Vehicle", active: yes, repeat: 1
18:37:35.295 [19] VehicleTrucks
18:37:35.295   Primary Spawner: "Vehicle", active: yes, repeat: 1
18:37:35.295 [20] VehicleMilitary
18:37:35.295   Primary Spawner: "Vehicle", active: yes, repeat: 1
18:37:35.296 [CE][Hive] :: Initializing of spawners done.
18:37:35.298 [CE][Hive] :: Init sequence finished.
18:37:35.298 Player connect enabled
18:37:35.647 [IdleMode] Entering IN - save processed
18:38:40.814 [Login]: Adding player Coffee (29814907) to login queue at position 0
18:38:40.814 [LoginMachine]: Add player Coffee (29814907 192.168.1.3:2317)
18:38:40.814 [StateMachine]: Player Coffee (dpnid 29814907 uid ) Entering AuthPlayerLoginState
18:38:40.860 [IdleMode] Leaving OUT
18:38:41.364 [StateMachine]: Player Coffee (dpnid 29814907 uid ) Entering WaitAuthPlayerLoginState
18:38:44.995 Player Coffee connected (id=KJsEqPk5EMn9la7dpUj5AmHXeYod84U874D5hNgcxKs=).
18:38:44.995 Player "Coffee" is connected (steamID=76561198430409881)
18:38:44.995 [StateMachine]: Player Coffee (dpnid 29814907 uid ) Entering WaitPlayerAssignedLoginState
18:38:45.525 [StateMachine]: Player Coffee (dpnid 29814907 uid KJsEqPk5EMn9la7dpUj5AmHXeYod84U874D5hNgcxKs=) Entering DBGetLoginTimeLoginState
18:38:45.529 [StateMachine]: Player Coffee (dpnid 29814907 uid KJsEqPk5EMn9la7dpUj5AmHXeYod84U874D5hNgcxKs=) Entering DBWaitLoginTimeLoginState
18:39:00.528 [StateMachine]: Player Coffee (dpnid 29814907 uid KJsEqPk5EMn9la7dpUj5AmHXeYod84U874D5hNgcxKs=) Entering DBGetCharacterLoginState
18:39:00.529 [StateMachine]: Player Coffee (dpnid 29814907 uid KJsEqPk5EMn9la7dpUj5AmHXeYod84U874D5hNgcxKs=) Entering CreateNetObjectsLoginState
18:39:00.531 [StateMachine]: Player Coffee (dpnid 29814907 uid KJsEqPk5EMn9la7dpUj5AmHXeYod84U874D5hNgcxKs=) Entering PreloadCamLoginState
18:39:00.531 [StateMachine]: Player Coffee (dpnid 29814907 uid KJsEqPk5EMn9la7dpUj5AmHXeYod84U874D5hNgcxKs=) Entering WaitPreloadCamLoginState
18:39:03.543 [CE][LootRespawner] (PRIDummy) :: Item [0] causing search overtime: "HipPack_Medical"
18:39:03.942 [CE][LootRespawner] (PRIDummy) :: Item [1] causing search overtime: "dzn_UnknownFoodCan"
18:39:04.242 [CE][LootRespawner] (PRIDummy) :: Item [0] is hard to place, performance drops: "HunterPants_Summer"
18:39:04.242 [CE][LootRespawner] (PRIDummy) :: Item [1] is hard to place, performance drops: "HunterPants_Summer"
18:39:04.643 [CE][LootRespawner] (PRIDummy) :: Item [2] causing search overtime: "NBCGlovesYellow"
18:39:08.200 [StateMachine]: Player Coffee (dpnid 29814907 uid KJsEqPk5EMn9la7dpUj5AmHXeYod84U874D5hNgcxKs=) Entering GetLoadedCharLoginState
18:39:11.717 <LOAD EXISTING CHAR>:
    charID 1
    playerID 1
    dpnid 29814907
    uid KJsEqPk5EMn9la7dpUj5AmHXeYod84U874D5hNgcxKs=
18:39:33.421 [CE][LootRespawner] (PRIDummy) :: Item [3] causing search overtime: "SurgicalMask"
18:39:33.522 [CE][LootRespawner] (PRIDummy) :: Item [2] is hard to place, performance drops: "Pitchfork"
18:39:33.522 !!! [CE][Point] Removing 5032.167480, 8197.083984 from land_wrecked_ural_onside
18:39:33.522 [CE][LootRespawner] (PRIDummy) :: Item [3] is hard to place, performance drops: "Pitchfork"
18:39:33.721 [CE][LootRespawner] (PRIDummy) :: Item [4] causing search overtime: "dzn_apsi"
18:39:34.221 [CE][LootRespawner] (PRIDummy) :: Item [5] causing search overtime: "HipPack_Medical"
18:39:34.421 [CE][LootRespawner] (PRIDummy) :: Item [6] causing search overtime: "NBCGlovesYellow"
18:40:00.621 [CE][LootRespawner] (PRIDummy) :: Item [7] causing search overtime: "MedicalScrubsPants_Green"
18:40:00.722 [CE][LootRespawner] (PRIDummy) :: Item [8] causing search overtime: "SurgicalMask"
18:40:01.222 [CE][LootRespawner] (PRIDummy) :: Item [4] is hard to place, performance drops: "ManSuit_DarkGrey"
18:40:01.521 [CE][LootRespawner] (PRIDummy) :: Item [9] causing search overtime: "HipPack_Medical"
18:40:01.821 [CE][LootRespawner] (PRIDummy) :: Item [10] causing search overtime: "NBCGlovesYellow"
18:40:27.222 [CE][LootRespawner] (PRIDummy) :: Item [5] is hard to place, performance drops: "JumpsuitPants_Blue"
18:40:27.222 [CE][LootRespawner] (PRIDummy) :: Item [6] is hard to place, performance drops: "JumpsuitPants_Blue"
18:40:27.521 [CE][LootRespawner] (PRIDummy) :: Item [11] causing search overtime: "MedicalScrubsPants_Green"
18:40:27.622 [CE][LootRespawner] (PRIDummy) :: Item [12] causing search overtime: "SurgicalMask"
18:40:28.122 [CE][LootRespawner] (PRIDummy) :: Item [7] is hard to place, performance drops: "TShirt_Grey"
18:40:28.122 [CE][LootRespawner] (PRIDummy) :: Item [8] is hard to place, performance drops: "TShirt_Grey"
18:40:28.722 [CE][LootRespawner] (PRIDummy) :: Item [13] causing search overtime: "NBCGlovesYellow"
18:40:54.125 [CE][LootRespawner] (PRIDummy) :: Item [9] is hard to place, performance drops: "BarbedWire"
18:40:54.126 [CE][LootRespawner] (PRIDummy) :: Item [10] is hard to place, performance drops: "BarbedWire"
18:40:54.223 [CE][LootRespawner] (PRIDummy) :: Item [14] causing search overtime: "USMCJacket_Woodland"
18:40:54.321 [CE][LootRespawner] (PRIDummy) :: Item [15] causing search overtime: "MedicalScrubsShirt_Blue"
18:40:55.322 [CE][LootRespawner] (PRIDummy) :: Item [16] causing search overtime: "SurgicalGloves_White"
18:40:55.921 [CE][LootRespawner] (PRIDummy) :: Item [17] causing search overtime: "MedicalScrubsPants_Green"
18:40:56.22 [CE][LootRespawner] (PRIDummy) :: Item [18] causing search overtime: "SurgicalMask"
18:41:21.521 [CE][LootRespawner] (PRIDummy) :: Item [11] is hard to place, performance drops: "PoliceVest"
18:41:21.621 [CE][LootRespawner] (PRIDummy) :: Item [19] causing search overtime: "SurgicalMask"
18:41:21.822 [CE][LootRespawner] (PRIDummy) :: Item [12] is hard to place, performance drops: "PolicePants"
18:41:21.822 [CE][LootRespawner] (PRIDummy) :: Item [13] is hard to place, performance drops: "PolicePants"
18:41:48.24 [CE][LootRespawner] (PRIDummy) :: Item [14] is hard to place, performance drops: "MetalPlate"
18:41:48.24 [CE][LootRespawner] (PRIDummy) :: Item [15] is hard to place, performance drops: "MetalPlate"
18:41:48.24 [CE][LootRespawner] (PRIDummy) :: Item [16] is hard to place, performance drops: "MetalPlate"
18:41:48.225 [CE][LootRespawner] (PRIDummy) :: Item [17] is hard to place, performance drops: "BalaclavaMask_White"
18:42:16.22 [CE][LootRespawner] (PRIDummy) :: Item [18] is hard to place, performance drops: "RidersJacket_Black"
18:42:42.322 [CE][LootRespawner] (PRIDummy) :: Item [19] is hard to place, performance drops: "TShirt_Black"
18:43:08.622 !!! [CE][Point] Removing 7662.071289, 8789.262695 from land_hiluxT
18:52:35.741 [CE][Links] found 0 total links between groups, of 1
18:52:35.741 [CE][SpawnRandomLoot] (StaticMedDrop) :: Type: Misc_cargo_cont_net1, lootmin: 4, lootmax: 6, wanted: 5, deloot: 2, containermaxsum: 6
18:52:35.749 [CE][Links] found 0 total links between groups, of 2
18:52:35.749 [CE][SpawnRandomLoot] (StaticMedDrop) :: Type: Misc_cargo_cont_net1, lootmin: 4, lootmax: 6, wanted: 5, deloot: 2, containermaxsum: 6
18:52:35.751 [CE][Links] found 0 total links between groups, of 3
18:52:35.751 [CE][SpawnRandomLoot] (StaticMedDrop) :: Type: Misc_cargo_cont_net1, lootmin: 4, lootmax: 6, wanted: 5, deloot: 2, containermaxsum: 6
18:52:35.756 [CE][Links] found 0 total links between groups, of 4
18:52:35.756 [CE][SpawnRandomLoot] (StaticMedDrop) :: Type: Misc_cargo_cont_net1, lootmin: 4, lootmax: 6, wanted: 5, deloot: 2, containermaxsum: 6
18:52:35.760 [CE][Links] found 0 total links between groups, of 5
18:52:35.760 [CE][SpawnRandomLoot] (StaticMedDrop) :: Type: Misc_cargo_cont_net1, lootmin: 4, lootmax: 6, wanted: 4, deloot: 2, containermaxsum: 6
18:52:35.763 [CE][Links] found 0 total links between groups, of 6
18:52:35.763 [CE][SpawnRandomLoot] (StaticMedDrop) :: Type: Misc_cargo_cont_net1, lootmin: 4, lootmax: 6, wanted: 5, deloot: 2, containermaxsum: 6
18:52:36.36 [CE][Links] found 0 total links between groups, of 7
18:52:36.36 [CE][SpawnRandomLoot] (StaticLifeboat) :: Type: sea_oilrig_lifeboat, lootmin: 2, lootmax: 5, wanted: 3, deloot: 2, containermaxsum: 5
18:52:36.36 [CE][SpawnRandomLoot] (StaticLifeboat) :: No item found to spawn for DE! Spawned: 1 / 3 (enable log_ce_dynamicevent to see item lists for event)
19:05:35.491 !!! [CE][Point] Removing 5765.984863, 8641.666016 from land_wrecked_ural
19:09:37.332 !!! [CE][Point] Removing 6504.311523, 9286.791016 from land_wrecked_ural
19:12:41.287 [Disconnect]: Start script disconnect 29814907 (dbCharacterId 1 dbPlayerId 1) logoutTime 15
19:12:43.121 [Disconnect]: Client 29814907 disconnecting
19:12:43.121 [Disconnect]: Client 29814907 early disconnect
19:12:43.124 [Disconnect]: Start script disconnect 29814907 (dbCharacterId 1 dbPlayerId 1) logoutTime 15
19:12:43.770 [Disconnect]: Remove player info 29814907
19:12:43.784 [Disconnect]: Player destroy 29814907 
19:12:56.289 [Disconnect]: Finish script disconnect -1 (KJsEqPk5EMn9la7dpUj5AmHXeYod84U874D5hNgcxKs=)
19:13:11.166 !!! [CE][Point] Removing 5035.500977, 8162.964844 from land_hut_old01
19:13:49.313 [IdleMode] Entering IN - save processed
19:24:59.912  --- Termination successfully completed --- 
