=====================================================================
== D:\SteamLibrary\steamapps\common\DayZServer\DayZServer_x64.exe
== "DayZServer_x64.exe" -config=serverDZ-Namalsk.cfg -port=2303 -netLog -profiles=D:\SteamLibrary\steamapps\common\DayZServer\set\server01 -mod=@CF;@Namalsk-Island;@Namalsk-Survival;@Inventory_Zipper;@Zen'sImmersiveLogin;@Soundinunconscious(RELIFE);@InventoryMoveSounds;@ItemSizeTweak;@SnowOverhaul;@Namalsk_Overhaul;@sFramework;@sGunplay;@Zen'sCraftingSounds;@SkyZ-SkyboxOverhaul;@BaseBuildingPlus;@MuchStuffPack;@VPPAdminTools;@Ear-Plugs;@BuildingFortifications;@BoomLay'sThings;
=====================================================================
Exe timestamp: 2023/09/30 07:51:18
Current time:  2023/10/11 18:28:50
Version 1.22.156718
=====================================================================

18:28:50.182 [Inputs] Loading inputs default "bin/constants.xml"
18:28:50.187 [Inputs] Loading inputs default "bin/specific.xml"
18:28:50.188 [Inputs] Loading inputs default "BBP_keybind/data/modded_Inputs.xml"
18:28:50.188 [Inputs] Loading inputs default "EarPlugs/data/inputs.xml"
18:28:50.188 [Inputs] Loading inputs default "InventoryMoveSounds/Scripts/Data/Inputs.xml"
18:28:50.189 [Inputs] Loading inputs default "MyMODS/sGunplay/scripts/data/inputs.xml"
18:28:50.189 [Inputs] Loading inputs default "nst/ns_dayz/scripts/Data/Inputs.xml"
18:28:50.189 [Inputs] Loading inputs default "VPPAdminTools/data/modded_Inputs.xml"
18:28:50.190 !!! [Inputs] Cannot load inputs default "", file does not exist
18:28:50.190 !!! [Inputs] Failed to load MODDED inputs - file name/ path invalid?
18:28:50.190 [Inputs] Loading inputs cfg "D:\SteamLibrary\steamapps\common\DayZServer\set\server01\Users\Survivor\Server.core.xml"
18:28:50.208 [Inputs] Exporting inputs cfg "D:\SteamLibrary\steamapps\common\DayZServer\set\server01\Users\Survivor\Server.core.xml"
18:29:05.633 [CE][Hive] :: Initializing OFFLINE
18:29:05.633 [StorageDirs] :: Selected storage directory: D:\SteamLibrary\steamapps\common\DayZServer\mpmissions\regular.namalsk\storage_1\
18:29:05.633 [CE][Hive] :: Loading core data ... 
18:29:05.639 [CE][CoreData] :: 7 root classes, 0 defaults, 0 updaters...
18:29:11.772 [CE] :: WARNING :: Preset map "headsFirefighter" is EMPTY.
18:29:11.773 [CE][TypeSetup] :: 586 classes setuped...
18:29:13.706 [CE][RegisterBind] :: 0 classes binded...
18:29:13.706 [CE][RegisterConfig] :: 11927 config classes registered, 0 sub-counters...
18:29:13.706 [CE][Hive] :: Loading map data ... 
18:29:13.823 [CE][LoadPrototype] :: loaded 459 prototypes
18:29:13.824   841 containers, 13222 points
18:29:13.824   30 dispatches, 111 proxies
18:29:13.824 !!! [CE][LoadPrototype] 9 groups have no points...
18:29:13.824 !!! [CE][LoadPrototype] 1 groups have wrong points...
18:29:13.824 !!! [CE][LoadPrototype] 126 groups were defined more than once and skipped...
18:29:13.824 [CE][LoadPrototype] :: last group name: Land_Wreck_truck01_aban2_orange...
18:29:13.837 [CE][LoadPrototype] :: loaded 0 prototypes
18:29:13.840   38 containers, 66 points
18:29:13.841   0 dispatches, 0 proxies
18:29:13.842 [CE][LoadPrototype] :: last group name: StoneLoc38...
18:29:13.904 [CE][LoadMap] "Group" :: loaded 1880 groups, groups failed: 0, largest group range: 36.4
18:29:13.909 [CE][LoadMap] "Dirt" :: loaded 0 groups, groups failed: 0, largest group range: 36.4
18:29:13.919 [CE][Links] found 720 total links between groups, of 1880
18:29:13.919 [CE][LoadClusters] "Cluster" :: Loading files...
18:29:13.937 [CE][LoadClusters] :: file: "mapgroupcluster.xml", 1 types, 2418 instances
18:29:13.944 [CE][Storage] ver:21 stamp:594, valid:yes, name:"D:\SteamLibrary\steamapps\common\DayZServer\mpmissions\regular.namalsk\storage_1\data\types.bin"
18:29:13.950 [CE][Storage] ver:21 stamp:579, valid:yes, name:"D:\SteamLibrary\steamapps\common\DayZServer\mpmissions\regular.namalsk\storage_1\data\types.001"
18:29:13.956 [CE][Storage] ver:21 stamp:580, valid:yes, name:"D:\SteamLibrary\steamapps\common\DayZServer\mpmissions\regular.namalsk\storage_1\data\types.002"
18:29:13.957 [CE][Storage] Restoring file "D:\SteamLibrary\steamapps\common\DayZServer\mpmissions\regular.namalsk\storage_1\data\types.bin".
18:29:14.97 [CE][offlineDB] :: Loaded 21 dynamic events 173 total types.
18:29:14.144 !!! [CE][offlineDB] :: Type 'Mag_DE_9rnd' will be ignored. (Type does not exist. (Typo?))
18:29:14.144 !!! [CE][offlineDB] :: Type 'Telnyashka' will be ignored. (Type does not exist. (Typo?))
18:29:14.144 !!! [CE][offlineDB] :: Type 'ManSuitJacket_Beige' will be ignored. (Type does not exist. (Typo?))
18:29:14.144 !!! [CE][offlineDB] :: Type 'ManSuitJacket_Black' will be ignored. (Type does not exist. (Typo?))
18:29:14.144 !!! [CE][offlineDB] :: Type 'ManSuitJacket_Blue' will be ignored. (Type does not exist. (Typo?))
18:29:14.144 !!! [CE][offlineDB] :: Type 'ManSuitJacket_Brown' will be ignored. (Type does not exist. (Typo?))
18:29:14.145 !!! [CE][offlineDB] :: Type 'ManSuitJacket_DarkGrey' will be ignored. (Type does not exist. (Typo?))
18:29:14.145 !!! [CE][offlineDB] :: Type 'ManSuitJacket_Khaki' will be ignored. (Type does not exist. (Typo?))
18:29:14.145 !!! [CE][offlineDB] :: Type 'ManSuitJacket_LightGrey' will be ignored. (Type does not exist. (Typo?))
18:29:14.145 !!! [CE][offlineDB] :: Type 'ManSuitJacket_White' will be ignored. (Type does not exist. (Typo?))
18:29:14.145 !!! [CE][offlineDB] :: Type 'WomanSuitJacket_Beige' will be ignored. (Type does not exist. (Typo?))
18:29:14.145 !!! [CE][offlineDB] :: Type 'WomanSuitJacket_Black' will be ignored. (Type does not exist. (Typo?))
18:29:14.145 !!! [CE][offlineDB] :: Type 'WomanSuitJacket_Blue' will be ignored. (Type does not exist. (Typo?))
18:29:14.145 !!! [CE][offlineDB] :: Type 'WomanSuitJacket_Brown' will be ignored. (Type does not exist. (Typo?))
18:29:14.145 !!! [CE][offlineDB] :: Type 'WomanSuitJacket_DarkGrey' will be ignored. (Type does not exist. (Typo?))
18:29:14.145 !!! [CE][offlineDB] :: Type 'WomanSuitJacket_Khaki' will be ignored. (Type does not exist. (Typo?))
18:29:14.145 !!! [CE][offlineDB] :: Type 'WomanSuitJacket_LightGrey' will be ignored. (Type does not exist. (Typo?))
18:29:14.145 !!! [CE][offlineDB] :: Type 'WomanSuitJacket_White' will be ignored. (Type does not exist. (Typo?))
18:29:14.145 !!! [CE][offlineDB] :: Type 'SportGlasses' will be ignored. (Type does not exist. (Typo?))
18:29:14.145 !!! [CE][offlineDB] :: Type 'Spear' will be ignored. (Not spawnable. (Scope is not public?))
18:29:14.146 !!! [CE][offlineDB] :: Type 'ZmbM_SurvivorDean_Black' will be ignored. (Type does not exist. (Typo?))
18:29:14.146 !!! [CE][offlineDB] :: Type 'ZmbM_SurvivorDean_Blue' will be ignored. (Type does not exist. (Typo?))
18:29:14.146 !!! [CE][offlineDB] :: Type 'ZmbM_SurvivorDean_Grey' will be ignored. (Type does not exist. (Typo?))
18:29:14.146 !!! [CE] :: Unknown usage: 'Lunapark'.
18:29:14.146 !!! [CE] :: Unknown usage: 'Lunapark'.
18:29:14.146 !!! [CE] :: Unknown usage: 'Lunapark'.
18:29:14.146 !!! [CE] :: Unknown usage: 'Lunapark'.
18:29:14.176 [CE][DE][SPAWNS] :: Total positions: 677
18:29:14.176 [CE][DE][GROUPS] :: Total eventgroups defined: 0, Eventgroups in use: 0
18:29:14.180 [CE][Storage] ver:21 stamp:594, valid:yes, name:"D:\SteamLibrary\steamapps\common\DayZServer\mpmissions\regular.namalsk\storage_1\data\events.bin"
18:29:14.187 [CE][Storage] ver:21 stamp:579, valid:yes, name:"D:\SteamLibrary\steamapps\common\DayZServer\mpmissions\regular.namalsk\storage_1\data\events.001"
18:29:14.192 [CE][Storage] ver:21 stamp:580, valid:yes, name:"D:\SteamLibrary\steamapps\common\DayZServer\mpmissions\regular.namalsk\storage_1\data\events.002"
18:29:14.193 [CE][Storage] Restoring file "D:\SteamLibrary\steamapps\common\DayZServer\mpmissions\regular.namalsk\storage_1\data\events.bin".
18:29:14.193 [CE][DynamicEvent] Load  Events:[21] Primary spawners: 21 Secondary spawners: 0
18:29:14.197 [CE][Storage] ver:25 stamp:594, valid:yes, name:"D:\SteamLibrary\steamapps\common\DayZServer\mpmissions\regular.namalsk\storage_1\data\dynamic_000.bin"
18:29:14.204 [CE][Storage] ver:25 stamp:579, valid:yes, name:"D:\SteamLibrary\steamapps\common\DayZServer\mpmissions\regular.namalsk\storage_1\data\dynamic_000.001"
18:29:14.209 [CE][Storage] ver:25 stamp:580, valid:yes, name:"D:\SteamLibrary\steamapps\common\DayZServer\mpmissions\regular.namalsk\storage_1\data\dynamic_000.002"
18:29:14.210 [CE][Storage] Restoring file "D:\SteamLibrary\steamapps\common\DayZServer\mpmissions\regular.namalsk\storage_1\data\dynamic_000.bin" 9 items.
18:29:14.215   9 items loaded. (0 failed)
18:29:14.220 [CE][Storage] ver:25 stamp:594, valid:yes, name:"D:\SteamLibrary\steamapps\common\DayZServer\mpmissions\regular.namalsk\storage_1\data\dynamic_001.bin"
18:29:14.225 [CE][Storage] ver:25 stamp:579, valid:yes, name:"D:\SteamLibrary\steamapps\common\DayZServer\mpmissions\regular.namalsk\storage_1\data\dynamic_001.001"
18:29:14.231 [CE][Storage] ver:25 stamp:580, valid:yes, name:"D:\SteamLibrary\steamapps\common\DayZServer\mpmissions\regular.namalsk\storage_1\data\dynamic_001.002"
18:29:14.231 [CE][Storage] Restoring file "D:\SteamLibrary\steamapps\common\DayZServer\mpmissions\regular.namalsk\storage_1\data\dynamic_001.bin" 50 items.
18:29:14.303   50 items loaded. (0 failed)
18:29:14.309 [CE][Storage] ver:25 stamp:594, valid:yes, name:"D:\SteamLibrary\steamapps\common\DayZServer\mpmissions\regular.namalsk\storage_1\data\dynamic_002.bin"
18:29:14.315 [CE][Storage] ver:25 stamp:579, valid:yes, name:"D:\SteamLibrary\steamapps\common\DayZServer\mpmissions\regular.namalsk\storage_1\data\dynamic_002.001"
18:29:14.321 [CE][Storage] ver:25 stamp:580, valid:yes, name:"D:\SteamLibrary\steamapps\common\DayZServer\mpmissions\regular.namalsk\storage_1\data\dynamic_002.002"
18:29:14.321 [CE][Storage] Restoring file "D:\SteamLibrary\steamapps\common\DayZServer\mpmissions\regular.namalsk\storage_1\data\dynamic_002.bin" 154 items.
18:29:14.465   154 items loaded. (0 failed)
18:29:14.470 [CE][Storage] ver:25 stamp:594, valid:yes, name:"D:\SteamLibrary\steamapps\common\DayZServer\mpmissions\regular.namalsk\storage_1\data\dynamic_003.bin"
18:29:14.477 [CE][Storage] ver:25 stamp:579, valid:yes, name:"D:\SteamLibrary\steamapps\common\DayZServer\mpmissions\regular.namalsk\storage_1\data\dynamic_003.001"
18:29:14.483 [CE][Storage] ver:25 stamp:580, valid:yes, name:"D:\SteamLibrary\steamapps\common\DayZServer\mpmissions\regular.namalsk\storage_1\data\dynamic_003.002"
18:29:14.483 [CE][Storage] Restoring file "D:\SteamLibrary\steamapps\common\DayZServer\mpmissions\regular.namalsk\storage_1\data\dynamic_003.bin" 982 items.
18:29:15.129   982 items loaded. (0 failed)
18:29:15.256 [CE][Storage] ver:25 stamp:594, valid:yes, name:"D:\SteamLibrary\steamapps\common\DayZServer\mpmissions\regular.namalsk\storage_1\data\dynamic_004.bin"
18:29:15.263 [CE][Storage] ver:25 stamp:579, valid:yes, name:"D:\SteamLibrary\steamapps\common\DayZServer\mpmissions\regular.namalsk\storage_1\data\dynamic_004.001"
18:29:15.269 [CE][Storage] ver:25 stamp:580, valid:yes, name:"D:\SteamLibrary\steamapps\common\DayZServer\mpmissions\regular.namalsk\storage_1\data\dynamic_004.002"
18:29:15.271 [CE][Storage] Restoring file "D:\SteamLibrary\steamapps\common\DayZServer\mpmissions\regular.namalsk\storage_1\data\dynamic_004.bin" 2269 items.
18:29:16.273   2269 items loaded. (0 failed)
18:29:16.278 [CE][Storage] ver:25 stamp:594, valid:yes, name:"D:\SteamLibrary\steamapps\common\DayZServer\mpmissions\regular.namalsk\storage_1\data\dynamic_005.bin"
18:29:16.283 [CE][Storage] ver:25 stamp:579, valid:yes, name:"D:\SteamLibrary\steamapps\common\DayZServer\mpmissions\regular.namalsk\storage_1\data\dynamic_005.001"
18:29:16.290 [CE][Storage] ver:25 stamp:580, valid:yes, name:"D:\SteamLibrary\steamapps\common\DayZServer\mpmissions\regular.namalsk\storage_1\data\dynamic_005.002"
18:29:16.290 [CE][Storage] Restoring file "D:\SteamLibrary\steamapps\common\DayZServer\mpmissions\regular.namalsk\storage_1\data\dynamic_005.bin" 954 items.
18:29:16.687   954 items loaded. (0 failed)
18:29:16.702 [CE][Storage] ver:25 stamp:594, valid:yes, name:"D:\SteamLibrary\steamapps\common\DayZServer\mpmissions\regular.namalsk\storage_1\data\dynamic_006.bin"
18:29:16.708 [CE][Storage] ver:25 stamp:579, valid:yes, name:"D:\SteamLibrary\steamapps\common\DayZServer\mpmissions\regular.namalsk\storage_1\data\dynamic_006.001"
18:29:16.713 [CE][Storage] ver:25 stamp:580, valid:yes, name:"D:\SteamLibrary\steamapps\common\DayZServer\mpmissions\regular.namalsk\storage_1\data\dynamic_006.002"
18:29:16.714 [CE][Storage] Restoring file "D:\SteamLibrary\steamapps\common\DayZServer\mpmissions\regular.namalsk\storage_1\data\dynamic_006.bin" 2039 items.
18:29:17.497   2039 items loaded. (0 failed)
18:29:17.505 [CE][Storage] ver:25 stamp:594, valid:yes, name:"D:\SteamLibrary\steamapps\common\DayZServer\mpmissions\regular.namalsk\storage_1\data\dynamic_007.bin"
18:29:17.510 [CE][Storage] ver:25 stamp:579, valid:yes, name:"D:\SteamLibrary\steamapps\common\DayZServer\mpmissions\regular.namalsk\storage_1\data\dynamic_007.001"
18:29:17.518 [CE][Storage] ver:25 stamp:580, valid:yes, name:"D:\SteamLibrary\steamapps\common\DayZServer\mpmissions\regular.namalsk\storage_1\data\dynamic_007.002"
18:29:17.520 [CE][Storage] Restoring file "D:\SteamLibrary\steamapps\common\DayZServer\mpmissions\regular.namalsk\storage_1\data\dynamic_007.bin" 798 items.
18:29:17.842   798 items loaded. (0 failed)
18:29:17.848 [CE][Storage] ver:25 stamp:594, valid:yes, name:"D:\SteamLibrary\steamapps\common\DayZServer\mpmissions\regular.namalsk\storage_1\data\dynamic_008.bin"
18:29:17.853 [CE][Storage] ver:25 stamp:579, valid:yes, name:"D:\SteamLibrary\steamapps\common\DayZServer\mpmissions\regular.namalsk\storage_1\data\dynamic_008.001"
18:29:17.860 [CE][Storage] ver:25 stamp:580, valid:yes, name:"D:\SteamLibrary\steamapps\common\DayZServer\mpmissions\regular.namalsk\storage_1\data\dynamic_008.002"
18:29:17.860 [CE][Storage] Restoring file "D:\SteamLibrary\steamapps\common\DayZServer\mpmissions\regular.namalsk\storage_1\data\dynamic_008.bin" 299 items.
18:29:17.986   299 items loaded. (0 failed)
18:29:17.993 [CE][Storage] ver:25 stamp:594, valid:yes, name:"D:\SteamLibrary\steamapps\common\DayZServer\mpmissions\regular.namalsk\storage_1\data\dynamic_009.bin"
18:29:17.998 [CE][Storage] ver:25 stamp:579, valid:yes, name:"D:\SteamLibrary\steamapps\common\DayZServer\mpmissions\regular.namalsk\storage_1\data\dynamic_009.001"
18:29:18.03 [CE][Storage] ver:25 stamp:580, valid:yes, name:"D:\SteamLibrary\steamapps\common\DayZServer\mpmissions\regular.namalsk\storage_1\data\dynamic_009.002"
18:29:18.03 [CE][Storage] Restoring file "D:\SteamLibrary\steamapps\common\DayZServer\mpmissions\regular.namalsk\storage_1\data\dynamic_009.bin" 0 items.
18:29:18.04   0 items loaded. (0 failed)
18:29:18.10 [CE][Storage] ver:25 stamp:594, valid:yes, name:"D:\SteamLibrary\steamapps\common\DayZServer\mpmissions\regular.namalsk\storage_1\data\dynamic_010.bin"
18:29:18.16 [CE][Storage] ver:25 stamp:579, valid:yes, name:"D:\SteamLibrary\steamapps\common\DayZServer\mpmissions\regular.namalsk\storage_1\data\dynamic_010.001"
18:29:18.21 [CE][Storage] ver:25 stamp:580, valid:yes, name:"D:\SteamLibrary\steamapps\common\DayZServer\mpmissions\regular.namalsk\storage_1\data\dynamic_010.002"
18:29:18.22 [CE][Storage] Restoring file "D:\SteamLibrary\steamapps\common\DayZServer\mpmissions\regular.namalsk\storage_1\data\dynamic_010.bin" 265 items.
18:29:18.129   265 items loaded. (0 failed)
18:29:18.136 [CE][Storage] ver:25 stamp:594, valid:yes, name:"D:\SteamLibrary\steamapps\common\DayZServer\mpmissions\regular.namalsk\storage_1\data\dynamic_011.bin"
18:29:18.142 [CE][Storage] ver:25 stamp:579, valid:yes, name:"D:\SteamLibrary\steamapps\common\DayZServer\mpmissions\regular.namalsk\storage_1\data\dynamic_011.001"
18:29:18.147 [CE][Storage] ver:25 stamp:580, valid:yes, name:"D:\SteamLibrary\steamapps\common\DayZServer\mpmissions\regular.namalsk\storage_1\data\dynamic_011.002"
18:29:18.147 [CE][Storage] Restoring file "D:\SteamLibrary\steamapps\common\DayZServer\mpmissions\regular.namalsk\storage_1\data\dynamic_011.bin" 22 items.
18:29:18.155   22 items loaded. (0 failed)
18:29:18.160 [CE][Storage] ver:26 stamp:594, valid:yes, name:"D:\SteamLibrary\steamapps\common\DayZServer\mpmissions\regular.namalsk\storage_1\data\building.bin"
18:29:18.165 [CE][Storage] ver:26 stamp:579, valid:yes, name:"D:\SteamLibrary\steamapps\common\DayZServer\mpmissions\regular.namalsk\storage_1\data\building.001"
18:29:18.169 [CE][Storage] ver:26 stamp:580, valid:yes, name:"D:\SteamLibrary\steamapps\common\DayZServer\mpmissions\regular.namalsk\storage_1\data\building.002"
18:29:18.170 [CE][Storage] Restoring file "D:\SteamLibrary\steamapps\common\DayZServer\mpmissions\regular.namalsk\storage_1\data\building.bin" 0 items.
18:29:18.170   0 items loaded. (0 failed)
18:29:18.175 [CE][Storage] ver:25 stamp:594, valid:yes, name:"D:\SteamLibrary\steamapps\common\DayZServer\mpmissions\regular.namalsk\storage_1\data\vehicles.bin"
18:29:18.181 [CE][Storage] ver:25 stamp:579, valid:yes, name:"D:\SteamLibrary\steamapps\common\DayZServer\mpmissions\regular.namalsk\storage_1\data\vehicles.001"
18:29:18.186 [CE][Storage] ver:25 stamp:580, valid:yes, name:"D:\SteamLibrary\steamapps\common\DayZServer\mpmissions\regular.namalsk\storage_1\data\vehicles.002"
18:29:18.187 [CE][Storage] Restoring file "D:\SteamLibrary\steamapps\common\DayZServer\mpmissions\regular.namalsk\storage_1\data\vehicles.bin" 42 items.
18:29:18.300   42 items loaded. (0 failed)
18:29:18.328 [CE][Hive] :: Storage load took:4.13 seconds, recovery stamp:594
18:29:18.328   entity: 8549, building: 0
18:29:18.328   no lifetime: 17
18:29:18.328   pathgraph's: 402
18:29:18.329 [CE][Hive] :: Initializing ... 
18:29:18.356 [CE][InitializeMap] :: initialized: 0
18:29:18.357 [CE][Hive] :: Initializing spawners ... 
18:29:18.357 [CE][LootRespawner] (PRIDummy) :: Initially (re)spawned:0, Nominal:12407, Total in Map: 9007 at 0 (sec)
18:29:18.358   tests:0, repeats:0 fails:0, overtime:0
18:29:19.880 [CE][DynEvent] :: 21 types
18:29:19.880 [00] Loot
18:29:19.880   Primary Spawner: "Loot", active: yes, repeat: 2
18:29:19.880 [01] StaticMedDrop
18:29:19.880   Primary Spawner: "Static", active: yes, repeat: 1
18:29:19.880 [02] StaticLifeboat
18:29:19.880   Primary Spawner: "Static", active: yes, repeat: 1
18:29:19.880 [03] ItemWoodenPlanks
18:29:19.880   Primary Spawner: "Item", active: yes, repeat: 1
18:29:19.880 [04] TrajectoryStones
18:29:19.880   Primary Spawner: "Trajectory", active: yes, repeat: 1
18:29:19.880 [05] InfectedSanta
18:29:19.880   Primary Spawner: "Infected", active: yes, repeat: 1
18:29:19.880 [06] InfectedArmy
18:29:19.880   Primary Spawner: "Infected", active: yes, repeat: 1
18:29:19.880 [07] InfectedIndustrial
18:29:19.880   Primary Spawner: "Infected", active: yes, repeat: 1
18:29:19.880 [08] InfectedCivil
18:29:19.880   Primary Spawner: "Infected", active: yes, repeat: 1
18:29:19.880 [09] InfectedMedic
18:29:19.880   Primary Spawner: "Infected", active: yes, repeat: 1
18:29:19.880 [10] AnimalGoat
18:29:19.880   Primary Spawner: "Animal", active: yes, repeat: 1
18:29:19.880 [11] AnimalSheep
18:29:19.880   Primary Spawner: "Animal", active: yes, repeat: 1
18:29:19.880 [12] AnimalRoeDeer
18:29:19.880   Primary Spawner: "Animal", active: yes, repeat: 1
18:29:19.880 [13] AnimalDeer
18:29:19.880   Primary Spawner: "Animal", active: yes, repeat: 1
18:29:19.880 [14] AnimalWildBoar
18:29:19.880   Primary Spawner: "Animal", active: yes, repeat: 1
18:29:19.880 [15] AnimalWolf
18:29:19.880   Primary Spawner: "Animal", active: yes, repeat: 1
18:29:19.880 [16] AnimalBrownBear
18:29:19.880   Primary Spawner: "Animal", active: yes, repeat: 1
18:29:19.880 [17] AnimalPolarBear
18:29:19.880   Primary Spawner: "Animal", active: yes, repeat: 1
18:29:19.880 [18] VehicleCivilianCars
18:29:19.880   Primary Spawner: "Vehicle", active: yes, repeat: 1
18:29:19.880 [19] VehicleTrucks
18:29:19.880   Primary Spawner: "Vehicle", active: yes, repeat: 1
18:29:19.880 [20] VehicleMilitary
18:29:19.880   Primary Spawner: "Vehicle", active: yes, repeat: 1
18:29:19.880 [CE][Hive] :: Initializing of spawners done.
18:29:19.889 [CE][Hive] :: Init sequence finished.
18:29:19.889 Player connect enabled
18:29:20.304 [IdleMode] Entering IN - save processed
18:29:56.790 [Login]: Adding player Coffee (35374431) to login queue at position 0
18:29:56.791 [LoginMachine]: Add player Coffee (35374431 192.168.1.2:2317)
18:29:56.791 [StateMachine]: Player Coffee (dpnid 35374431 uid ) Entering AuthPlayerLoginState
18:29:58.698 [StateMachine]: Player Coffee (dpnid 35374431 uid ) Entering WaitAuthPlayerLoginState
18:30:01.785 [IdleMode] Leaving OUT
18:30:02.439 Player Coffee connected (id=KJsEqPk5EMn9la7dpUj5AmHXeYod84U874D5hNgcxKs=).
18:30:02.439 Player "Coffee" is connected (steamID=76561198430409881)
18:30:02.439 [StateMachine]: Player Coffee (dpnid 35374431 uid ) Entering WaitPlayerAssignedLoginState
18:30:03.164 [StateMachine]: Player Coffee (dpnid 35374431 uid KJsEqPk5EMn9la7dpUj5AmHXeYod84U874D5hNgcxKs=) Entering DBGetLoginTimeLoginState
18:30:03.167 [StateMachine]: Player Coffee (dpnid 35374431 uid KJsEqPk5EMn9la7dpUj5AmHXeYod84U874D5hNgcxKs=) Entering DBWaitLoginTimeLoginState
18:30:18.167 [StateMachine]: Player Coffee (dpnid 35374431 uid KJsEqPk5EMn9la7dpUj5AmHXeYod84U874D5hNgcxKs=) Entering DBGetCharacterLoginState
18:30:18.168 [StateMachine]: Player Coffee (dpnid 35374431 uid KJsEqPk5EMn9la7dpUj5AmHXeYod84U874D5hNgcxKs=) Entering CreateNetObjectsLoginState
18:30:18.170 [StateMachine]: Player Coffee (dpnid 35374431 uid KJsEqPk5EMn9la7dpUj5AmHXeYod84U874D5hNgcxKs=) Entering PreloadCamLoginState
18:30:18.171 [StateMachine]: Player Coffee (dpnid 35374431 uid KJsEqPk5EMn9la7dpUj5AmHXeYod84U874D5hNgcxKs=) Entering WaitPreloadCamLoginState
18:30:23.787 [CE][LootRespawner] (PRIDummy) :: Item [0] causing search overtime: "bl_pallet"
18:30:23.886 [CE][LootRespawner] (PRIDummy) :: Item [1] causing search overtime: "Msp_Greenhouse_White_Kit"
18:30:23.986 [CE][LootRespawner] (PRIDummy) :: Item [2] causing search overtime: "Msp_Greenhouse_Vanilla_Kit"
18:30:24.86 [CE][LootRespawner] (PRIDummy) :: Item [0] is hard to place, performance drops: "FryingPan"
18:30:24.87 [CE][LootRespawner] (PRIDummy) :: Item [1] is hard to place, performance drops: "FryingPan"
18:30:24.89 [CE][LootRespawner] (PRIDummy) :: Item [2] is hard to place, performance drops: "FryingPan"
18:30:24.187 [CE][LootRespawner] (PRIDummy) :: Item [3] causing search overtime: "bl_coffee_bag"
18:30:24.386 [CE][LootRespawner] (PRIDummy) :: Item [4] causing search overtime: "HuntingBag"
18:30:24.486 [CE][LootRespawner] (PRIDummy) :: Item [3] is hard to place, performance drops: "Msp_BaseballCap_Camo"
18:30:24.486 [CE][LootRespawner] (PRIDummy) :: Item [4] is hard to place, performance drops: "Msp_BaseballCap_Camo"
18:30:24.486 [CE][LootRespawner] (PRIDummy) :: Item [5] is hard to place, performance drops: "Msp_BaseballCap_Camo"
18:30:24.486 [CE][LootRespawner] (PRIDummy) :: Item [6] is hard to place, performance drops: "Msp_BaseballCap_Camo"
18:30:24.486 [CE][LootRespawner] (PRIDummy) :: Item [7] is hard to place, performance drops: "Msp_BaseballCap_Camo"
18:30:24.486 [CE][LootRespawner] (PRIDummy) :: Item [8] is hard to place, performance drops: "Msp_BaseballCap_Camo"
18:30:24.486 [CE][LootRespawner] (PRIDummy) :: Item [5] causing search overtime: "Msp_BaseballCap_Camo"
18:30:24.585 [CE][LootRespawner] (PRIDummy) :: Item [6] causing search overtime: "Msp_CoffinBox"
18:30:24.688 [CE][LootRespawner] (PRIDummy) :: Item [7] causing search overtime: "WorkingGloves_Beige"
18:30:24.786 [CE][LootRespawner] (PRIDummy) :: Item [9] is hard to place, performance drops: "bl_repair_anvil"
18:30:24.786 [CE][LootRespawner] (PRIDummy) :: Item [10] is hard to place, performance drops: "bl_repair_anvil"
18:30:24.786 [CE][LootRespawner] (PRIDummy) :: Item [11] is hard to place, performance drops: "bl_repair_anvil"
18:30:24.786 [CE][LootRespawner] (PRIDummy) :: Item [12] is hard to place, performance drops: "bl_repair_anvil"
18:30:24.786 [CE][LootRespawner] (PRIDummy) :: Item [13] is hard to place, performance drops: "bl_repair_anvil"
18:30:24.786 [CE][LootRespawner] (PRIDummy) :: Item [14] is hard to place, performance drops: "bl_repair_anvil"
18:30:24.786 [CE][LootRespawner] (PRIDummy) :: Item [8] causing search overtime: "bl_repair_anvil"
18:30:24.985 [CE][LootRespawner] (PRIDummy) :: Item [9] causing search overtime: "Msp_SoloLocker_Red_Kit"
18:30:25.286 [CE][LootRespawner] (PRIDummy) :: Item [10] causing search overtime: "Msp_Wardrobe_White_Kit"
18:30:25.386 [CE][LootRespawner] (PRIDummy) :: Item [11] causing search overtime: "Msp_RifleSafe_Tan_Kit"
18:30:25.486 [CE][LootRespawner] (PRIDummy) :: Item [12] causing search overtime: "Msp_DoubleGunRack_Kit"
18:30:25.586 [CE][LootRespawner] (PRIDummy) :: Item [13] causing search overtime: "Msp_GunCabinet_Kit"
18:30:27.796 [StateMachine]: Player Coffee (dpnid 35374431 uid KJsEqPk5EMn9la7dpUj5AmHXeYod84U874D5hNgcxKs=) Entering GetLoadedCharLoginState
18:30:31.177 <LOAD EXISTING CHAR>:
    charID 1
    playerID 1
    dpnid 35374431
    uid KJsEqPk5EMn9la7dpUj5AmHXeYod84U874D5hNgcxKs=
18:30:53.990 !!! [CE][Point] Removing 5050.700684, 5346.977051 from land_wrecked_ural_onside
18:30:54.187 [CE][LootRespawner] (PRIDummy) :: Item [14] causing search overtime: "Msp_Wardrobe_Green_Kit"
18:30:54.486 [CE][LootRespawner] (PRIDummy) :: Item [15] causing search overtime: "bl_workbench_Kit"
18:30:54.586 [CE][LootRespawner] (PRIDummy) :: Item [16] causing search overtime: "Msp_ToolsBench_Blue_Kit"
18:30:54.786 [CE][LootRespawner] (PRIDummy) :: Item [17] causing search overtime: "GhillieTop_Woodland"
18:30:55.187 [CE][LootRespawner] (PRIDummy) :: Item [18] causing search overtime: "Msp_MedicalBox_Kit"
18:30:55.286 [CE][LootRespawner] (PRIDummy) :: Item [19] causing search overtime: "Msp_RifleSafe_Grey_Kit"
18:31:20.903 !!! [CE][Point] Removing 5048.647461, 5353.225098 from land_wrecked_ural_onside
18:31:21.03 [CE][LootRespawner] (PRIDummy) :: Item [15] is hard to place, performance drops: "WG_CampingTent_Blue_Kit"
18:31:21.05 [CE][LootRespawner] (PRIDummy) :: Item [16] is hard to place, performance drops: "WG_CampingTent_Blue_Kit"
18:31:21.09 !!! [CE][Point] Removing 8979.381836, 2.071233 from Land_Boat_Small1
18:31:21.104 !!! [CE][Point] Removing 5047.218750, 5350.023438 from land_wrecked_ural_onside
18:31:21.106 [CE][LootRespawner] (PRIDummy) :: Item [17] is hard to place, performance drops: "WorkingGloves_Black"
18:31:22.804 [CE][LootRespawner] (PRIDummy) :: Item [18] is hard to place, performance drops: "TTSKOPants"
18:31:48.19 !!! [CE][Point] Removing 5050.001953, 5344.979492 from land_wrecked_ural_onside
18:31:48.21 !!! [CE][Point] Removing 5032.167480, 8197.083984 from land_wrecked_ural_onside
18:31:48.21 [CE][LootRespawner] (PRIDummy) :: Item [19] is hard to place, performance drops: "BeanieHat_Red"
18:37:39.177 !!! [CE][Point] Removing 5295.420410, 7099.399902 from land_wrecked_mi8_frozen
18:41:14.434 !!! [CE][Point] Removing 5816.017090, 11592.130859 from Land_Boat_Small3
18:43:27.347 !!! [CE][Point] Removing 5049.828613, 5349.252930 from land_wrecked_ural_onside
18:51:58.488 !!! [CE][Point] Removing 7662.071289, 8789.262695 from land_hiluxT
18:53:20.186 !!! [CE][Point] Removing 6504.311523, 9286.791016 from land_wrecked_ural
18:56:54.415 !!! [CE][Point] Removing 5032.518066, 5477.108887 from Land_Boat_Small2
19:03:14.700 [CE][Links] found 0 total links between groups, of 1
19:03:14.700 [CE][SpawnRandomLoot] (StaticMedDrop) :: Type: Misc_cargo_cont_net1, lootmin: 4, lootmax: 6, wanted: 4, deloot: 2, containermaxsum: 6
19:03:14.704 [CE][Links] found 0 total links between groups, of 2
19:03:14.704 [CE][SpawnRandomLoot] (StaticMedDrop) :: Type: Misc_cargo_cont_net1, lootmin: 4, lootmax: 6, wanted: 4, deloot: 2, containermaxsum: 6
19:03:14.709 [CE][Links] found 0 total links between groups, of 3
19:03:14.709 [CE][SpawnRandomLoot] (StaticMedDrop) :: Type: Misc_cargo_cont_net1, lootmin: 4, lootmax: 6, wanted: 5, deloot: 2, containermaxsum: 6
19:03:14.712 [CE][Links] found 0 total links between groups, of 4
19:03:14.712 [CE][SpawnRandomLoot] (StaticMedDrop) :: Type: Misc_cargo_cont_net1, lootmin: 4, lootmax: 6, wanted: 4, deloot: 2, containermaxsum: 6
19:03:14.715 [CE][Links] found 0 total links between groups, of 5
19:03:14.715 [CE][SpawnRandomLoot] (StaticMedDrop) :: Type: Misc_cargo_cont_net1, lootmin: 4, lootmax: 6, wanted: 4, deloot: 2, containermaxsum: 6
19:03:14.718 [CE][Links] found 0 total links between groups, of 6
19:03:14.718 [CE][SpawnRandomLoot] (StaticMedDrop) :: Type: Misc_cargo_cont_net1, lootmin: 4, lootmax: 6, wanted: 4, deloot: 2, containermaxsum: 6
19:03:14.986 [CE][SpawnRandomLoot] (StaticLifeboat) :: !!! No group configured for 'sea_oilrig_lifeboat', failed to spawn loot
19:04:05.786 !!! [CE][Point] Removing 8980.249023, -0.407357 from Land_Boat_Small1
19:10:21.619 !!! [CE][Point] Removing 5034.151855, 5477.317871 from Land_Boat_Small2
19:10:21.913 !!! [CE][Point] Removing 8977.759766, 1.149737 from Land_Boat_Small1
19:14:23.728 !!! [CE][Point] Removing 5035.446777, 5479.861816 from Land_Boat_Small2
19:14:24.329 !!! [CE][Point] Removing 8978.982422, -1.713907 from Land_Boat_Small1
19:37:42.883 !!! [CE][Point] Removing 5024.550293, 5416.278320 from land_wrecked_ural_onside
19:38:10.383 !!! [CE][Point] Removing 5021.735352, 5421.304199 from land_wrecked_ural_onside
19:39:03.584 !!! [CE][Point] Removing 5023.143555, 5424.515137 from land_wrecked_ural_onside
19:40:24.490 !!! [CE][Point] Removing 3651.938965, 7313.951172 from Land_Shed_W1
19:40:51.292 !!! [CE][Point] Removing 5024.350098, 5420.550293 from land_wrecked_ural_onside
19:41:45.07 !!! [CE][Point] Removing 5025.236816, 5418.280273 from land_wrecked_ural_onside
19:43:07.128 !!! [CE][Point] Removing 5035.398926, 5478.480469 from Land_Boat_Small2
19:44:00.840 !!! [CE][Point] Removing 4746.351563, 8970.188477 from land_wrecked_bmp1
19:45:49.258 [CE][Links] found 0 total links between groups, of 7
19:45:49.258 [CE][SpawnRandomLoot] (StaticMedDrop) :: Type: Misc_cargo_cont_net1, lootmin: 4, lootmax: 6, wanted: 5, deloot: 2, containermaxsum: 6
19:45:49.265 [CE][Links] found 0 total links between groups, of 8
19:45:49.265 [CE][SpawnRandomLoot] (StaticMedDrop) :: Type: Misc_cargo_cont_net1, lootmin: 4, lootmax: 6, wanted: 4, deloot: 2, containermaxsum: 6
19:45:49.269 [CE][Links] found 0 total links between groups, of 9
19:45:49.269 [CE][SpawnRandomLoot] (StaticMedDrop) :: Type: Misc_cargo_cont_net1, lootmin: 4, lootmax: 6, wanted: 4, deloot: 2, containermaxsum: 6
19:45:49.271 [CE][Links] found 0 total links between groups, of 10
19:45:49.271 [CE][SpawnRandomLoot] (StaticMedDrop) :: Type: Misc_cargo_cont_net1, lootmin: 4, lootmax: 6, wanted: 5, deloot: 2, containermaxsum: 6
19:45:49.279 [CE][Links] found 0 total links between groups, of 11
19:45:49.279 [CE][SpawnRandomLoot] (StaticMedDrop) :: Type: Misc_cargo_cont_net1, lootmin: 4, lootmax: 6, wanted: 5, deloot: 2, containermaxsum: 6
19:45:49.283 [CE][Links] found 0 total links between groups, of 12
19:45:49.283 [CE][SpawnRandomLoot] (StaticMedDrop) :: Type: Misc_cargo_cont_net1, lootmin: 4, lootmax: 6, wanted: 5, deloot: 2, containermaxsum: 6
19:45:49.558 [CE][SpawnRandomLoot] (StaticLifeboat) :: !!! No group configured for 'sea_oilrig_lifeboat', failed to spawn loot
19:54:18.610 !!! [CE][Point] Removing 4931.937988, 6660.574707 from land_wrecked_ural
20:05:59.682 !!! [CE][Point] Removing 6162.589844, 10878.765625 from land_hut_old01
20:12:41.916 !!! [CE][Point] Removing 6504.356445, 9291.453125 from land_wrecked_ural
20:18:31.890 !!! [CE][Point] Removing 4177.679688, 8071.848633 from land_datsun01T
20:27:59.973 [CE][Links] found 0 total links between groups, of 13
20:27:59.973 [CE][SpawnRandomLoot] (StaticMedDrop) :: Type: Misc_cargo_cont_net1, lootmin: 4, lootmax: 6, wanted: 5, deloot: 2, containermaxsum: 6
20:27:59.978 [CE][Links] found 0 total links between groups, of 14
20:27:59.978 [CE][SpawnRandomLoot] (StaticMedDrop) :: Type: Misc_cargo_cont_net1, lootmin: 4, lootmax: 6, wanted: 4, deloot: 2, containermaxsum: 6
20:27:59.980 [CE][Links] found 2 total links between groups, of 15
20:27:59.980 [CE][SpawnRandomLoot] (StaticMedDrop) :: Type: Misc_cargo_cont_net1, lootmin: 4, lootmax: 6, wanted: 5, deloot: 2, containermaxsum: 6
20:27:59.994 [CE][Links] found 2 total links between groups, of 16
20:27:59.994 [CE][SpawnRandomLoot] (StaticMedDrop) :: Type: Misc_cargo_cont_net1, lootmin: 4, lootmax: 6, wanted: 4, deloot: 2, containermaxsum: 6
20:28:00.04 [CE][Links] found 2 total links between groups, of 17
20:28:00.04 [CE][SpawnRandomLoot] (StaticMedDrop) :: Type: Misc_cargo_cont_net1, lootmin: 4, lootmax: 6, wanted: 5, deloot: 2, containermaxsum: 6
20:28:00.09 [CE][Links] found 2 total links between groups, of 18
20:28:00.09 [CE][SpawnRandomLoot] (StaticMedDrop) :: Type: Misc_cargo_cont_net1, lootmin: 4, lootmax: 6, wanted: 4, deloot: 2, containermaxsum: 6
20:28:00.259 [CE][SpawnRandomLoot] (StaticLifeboat) :: !!! No group configured for 'sea_oilrig_lifeboat', failed to spawn loot
21:00:13.547 [Disconnect]: Start script disconnect 35374431 (dbCharacterId 1 dbPlayerId 1) logoutTime 15
21:00:15.889 [Disconnect]: Client 35374431 disconnecting
21:00:15.889 [Disconnect]: Client 35374431 early disconnect
21:00:15.891 [Disconnect]: Start script disconnect 35374431 (dbCharacterId 1 dbPlayerId 1) logoutTime 15
21:00:16.557 [Disconnect]: Remove player info 35374431
21:00:16.579 [Disconnect]: Player destroy 35374431 
21:00:28.550 [Disconnect]: Finish script disconnect -1 (KJsEqPk5EMn9la7dpUj5AmHXeYod84U874D5hNgcxKs=)
21:01:18.867 [IdleMode] Entering IN - save processed
21:02:02.65  --- Termination successfully completed --- 
