=====================================================================
== D:\SteamLibrary\steamapps\common\DayZServer\DayZServer_x64.exe
== "DayZServer_x64.exe" -config=serverDZ-Namalsk.cfg -port=2303 -netLog -profiles=D:\SteamLibrary\steamapps\common\DayZServer\set\server01 -mod=@CF;@Namalsk-Island;@Namalsk-Survival;@Inventory_Zipper;@Zen'sImmersiveLogin;@Soundinunconscious(RELIFE);@InventoryMoveSounds;@ItemSizeTweak;@SnowOverhaul;@Namalsk_Overhaul;@sFramework;@sGunplay;@Zen'sCraftingSounds;@SkyZ-SkyboxOverhaul;@BaseBuildingPlus;@MuchStuffPack;@VPPAdminTools;@Ear-Plugs;@BuildingFortifications;@BoomLay'sThings;
=====================================================================
Exe timestamp: 2023/09/30 07:51:18
Current time:  2023/10/11 12:01:10
Version 1.22.156718
=====================================================================

12:01:10.878 [Inputs] Loading inputs default "bin/constants.xml"
12:01:10.885 [Inputs] Loading inputs default "bin/specific.xml"
12:01:10.885 [Inputs] Loading inputs default "BBP_keybind/data/modded_Inputs.xml"
12:01:10.885 [Inputs] Loading inputs default "EarPlugs/data/inputs.xml"
12:01:10.886 [Inputs] Loading inputs default "InventoryMoveSounds/Scripts/Data/Inputs.xml"
12:01:10.886 [Inputs] Loading inputs default "MyMODS/sGunplay/scripts/data/inputs.xml"
12:01:10.886 [Inputs] Loading inputs default "nst/ns_dayz/scripts/Data/Inputs.xml"
12:01:10.886 [Inputs] Loading inputs default "VPPAdminTools/data/modded_Inputs.xml"
12:01:10.888 !!! [Inputs] Cannot load inputs default "", file does not exist
12:01:10.888 !!! [Inputs] Failed to load MODDED inputs - file name/ path invalid?
12:01:10.888 [Inputs] Loading inputs cfg "D:\SteamLibrary\steamapps\common\DayZServer\set\server01\Users\Survivor\Server.core.xml"
12:01:10.893 [Inputs] Exporting inputs cfg "D:\SteamLibrary\steamapps\common\DayZServer\set\server01\Users\Survivor\Server.core.xml"
12:01:22.202 [CE][Hive] :: Initializing OFFLINE
12:01:22.202 [StorageDirs] :: Selected storage directory: D:\SteamLibrary\steamapps\common\DayZServer\mpmissions\regular.namalsk\storage_1\
12:01:22.203 [CE][Hive] :: Loading core data ... 
12:01:22.203 [CE][CoreData] :: 7 root classes, 0 defaults, 0 updaters...
12:01:27.114 [CE] :: WARNING :: Preset map "headsFirefighter" is EMPTY.
12:01:27.115 [CE][TypeSetup] :: 586 classes setuped...
12:01:28.628 [CE][RegisterBind] :: 0 classes binded...
12:01:28.628 [CE][RegisterConfig] :: 11927 config classes registered, 0 sub-counters...
12:01:28.628 [CE][Hive] :: Loading map data ... 
12:01:28.699 [CE][LoadPrototype] :: loaded 459 prototypes
12:01:28.699   841 containers, 13222 points
12:01:28.700   30 dispatches, 111 proxies
12:01:28.700 !!! [CE][LoadPrototype] 9 groups have no points...
12:01:28.701 !!! [CE][LoadPrototype] 1 groups have wrong points...
12:01:28.701 !!! [CE][LoadPrototype] 126 groups were defined more than once and skipped...
12:01:28.701 [CE][LoadPrototype] :: last group name: Land_Wreck_truck01_aban2_orange...
12:01:28.709 [CE][LoadPrototype] :: loaded 0 prototypes
12:01:28.709   38 containers, 66 points
12:01:28.709   0 dispatches, 0 proxies
12:01:28.709 [CE][LoadPrototype] :: last group name: StoneLoc38...
12:01:28.747 [CE][LoadMap] "Group" :: loaded 1880 groups, groups failed: 0, largest group range: 36.4
12:01:28.748 [CE][LoadMap] "Dirt" :: loaded 0 groups, groups failed: 0, largest group range: 36.4
12:01:28.760 [CE][Links] found 720 total links between groups, of 1880
12:01:28.760 [CE][LoadClusters] "Cluster" :: Loading files...
12:01:28.769 [CE][LoadClusters] :: file: "mapgroupcluster.xml", 1 types, 2418 instances
12:01:28.772 [CE][Storage] ver:21 stamp:536, valid:yes, name:"D:\SteamLibrary\steamapps\common\DayZServer\mpmissions\regular.namalsk\storage_1\data\types.bin"
12:01:28.772 [CE][Storage] ver:21 stamp:505, valid:yes, name:"D:\SteamLibrary\steamapps\common\DayZServer\mpmissions\regular.namalsk\storage_1\data\types.001"
12:01:28.773 [CE][Storage] ver:21 stamp:506, valid:yes, name:"D:\SteamLibrary\steamapps\common\DayZServer\mpmissions\regular.namalsk\storage_1\data\types.002"
12:01:28.773 [CE][Storage] Restoring file "D:\SteamLibrary\steamapps\common\DayZServer\mpmissions\regular.namalsk\storage_1\data\types.bin".
12:01:28.893 [CE][offlineDB] :: Loaded 21 dynamic events 173 total types.
12:01:28.911 !!! [CE][offlineDB] :: Type 'Mag_DE_9rnd' will be ignored. (Type does not exist. (Typo?))
12:01:28.911 !!! [CE][offlineDB] :: Type 'Telnyashka' will be ignored. (Type does not exist. (Typo?))
12:01:28.911 !!! [CE][offlineDB] :: Type 'ManSuitJacket_Beige' will be ignored. (Type does not exist. (Typo?))
12:01:28.911 !!! [CE][offlineDB] :: Type 'ManSuitJacket_Black' will be ignored. (Type does not exist. (Typo?))
12:01:28.911 !!! [CE][offlineDB] :: Type 'ManSuitJacket_Blue' will be ignored. (Type does not exist. (Typo?))
12:01:28.911 !!! [CE][offlineDB] :: Type 'ManSuitJacket_Brown' will be ignored. (Type does not exist. (Typo?))
12:01:28.911 !!! [CE][offlineDB] :: Type 'ManSuitJacket_DarkGrey' will be ignored. (Type does not exist. (Typo?))
12:01:28.911 !!! [CE][offlineDB] :: Type 'ManSuitJacket_Khaki' will be ignored. (Type does not exist. (Typo?))
12:01:28.911 !!! [CE][offlineDB] :: Type 'ManSuitJacket_LightGrey' will be ignored. (Type does not exist. (Typo?))
12:01:28.911 !!! [CE][offlineDB] :: Type 'ManSuitJacket_White' will be ignored. (Type does not exist. (Typo?))
12:01:28.911 !!! [CE][offlineDB] :: Type 'WomanSuitJacket_Beige' will be ignored. (Type does not exist. (Typo?))
12:01:28.911 !!! [CE][offlineDB] :: Type 'WomanSuitJacket_Black' will be ignored. (Type does not exist. (Typo?))
12:01:28.911 !!! [CE][offlineDB] :: Type 'WomanSuitJacket_Blue' will be ignored. (Type does not exist. (Typo?))
12:01:28.911 !!! [CE][offlineDB] :: Type 'WomanSuitJacket_Brown' will be ignored. (Type does not exist. (Typo?))
12:01:28.911 !!! [CE][offlineDB] :: Type 'WomanSuitJacket_DarkGrey' will be ignored. (Type does not exist. (Typo?))
12:01:28.911 !!! [CE][offlineDB] :: Type 'WomanSuitJacket_Khaki' will be ignored. (Type does not exist. (Typo?))
12:01:28.911 !!! [CE][offlineDB] :: Type 'WomanSuitJacket_LightGrey' will be ignored. (Type does not exist. (Typo?))
12:01:28.911 !!! [CE][offlineDB] :: Type 'WomanSuitJacket_White' will be ignored. (Type does not exist. (Typo?))
12:01:28.912 !!! [CE][offlineDB] :: Type 'SportGlasses' will be ignored. (Type does not exist. (Typo?))
12:01:28.912 !!! [CE][offlineDB] :: Type 'Spear' will be ignored. (Not spawnable. (Scope is not public?))
12:01:28.912 !!! [CE][offlineDB] :: Type 'ZmbM_SurvivorDean_Black' will be ignored. (Type does not exist. (Typo?))
12:01:28.912 !!! [CE][offlineDB] :: Type 'ZmbM_SurvivorDean_Blue' will be ignored. (Type does not exist. (Typo?))
12:01:28.912 !!! [CE][offlineDB] :: Type 'ZmbM_SurvivorDean_Grey' will be ignored. (Type does not exist. (Typo?))
12:01:28.913 !!! [CE] :: Unknown usage: 'Lunapark'.
12:01:28.913 !!! [CE] :: Unknown usage: 'Lunapark'.
12:01:28.913 !!! [CE] :: Unknown usage: 'Lunapark'.
12:01:28.913 !!! [CE] :: Unknown usage: 'Lunapark'.
12:01:28.921 [CE][DE][SPAWNS] :: Total positions: 677
12:01:28.921 [CE][DE][GROUPS] :: Total eventgroups defined: 0, Eventgroups in use: 0
12:01:28.921 [CE][Storage] ver:21 stamp:536, valid:yes, name:"D:\SteamLibrary\steamapps\common\DayZServer\mpmissions\regular.namalsk\storage_1\data\events.bin"
12:01:28.922 [CE][Storage] ver:21 stamp:505, valid:yes, name:"D:\SteamLibrary\steamapps\common\DayZServer\mpmissions\regular.namalsk\storage_1\data\events.001"
12:01:28.923 [CE][Storage] ver:21 stamp:506, valid:yes, name:"D:\SteamLibrary\steamapps\common\DayZServer\mpmissions\regular.namalsk\storage_1\data\events.002"
12:01:28.923 [CE][Storage] Restoring file "D:\SteamLibrary\steamapps\common\DayZServer\mpmissions\regular.namalsk\storage_1\data\events.bin".
12:01:28.923 [CE][DynamicEvent] Load  Events:[21] Primary spawners: 21 Secondary spawners: 0
12:01:28.923 [CE][Storage] ver:25 stamp:536, valid:yes, name:"D:\SteamLibrary\steamapps\common\DayZServer\mpmissions\regular.namalsk\storage_1\data\dynamic_000.bin"
12:01:28.924 [CE][Storage] ver:25 stamp:505, valid:yes, name:"D:\SteamLibrary\steamapps\common\DayZServer\mpmissions\regular.namalsk\storage_1\data\dynamic_000.001"
12:01:28.925 [CE][Storage] ver:25 stamp:506, valid:yes, name:"D:\SteamLibrary\steamapps\common\DayZServer\mpmissions\regular.namalsk\storage_1\data\dynamic_000.002"
12:01:28.925 [CE][Storage] Restoring file "D:\SteamLibrary\steamapps\common\DayZServer\mpmissions\regular.namalsk\storage_1\data\dynamic_000.bin" 9 items.
12:01:28.928   9 items loaded. (0 failed)
12:01:28.929 [CE][Storage] ver:25 stamp:536, valid:yes, name:"D:\SteamLibrary\steamapps\common\DayZServer\mpmissions\regular.namalsk\storage_1\data\dynamic_001.bin"
12:01:28.929 [CE][Storage] ver:25 stamp:505, valid:yes, name:"D:\SteamLibrary\steamapps\common\DayZServer\mpmissions\regular.namalsk\storage_1\data\dynamic_001.001"
12:01:28.930 [CE][Storage] ver:25 stamp:506, valid:yes, name:"D:\SteamLibrary\steamapps\common\DayZServer\mpmissions\regular.namalsk\storage_1\data\dynamic_001.002"
12:01:28.930 [CE][Storage] Restoring file "D:\SteamLibrary\steamapps\common\DayZServer\mpmissions\regular.namalsk\storage_1\data\dynamic_001.bin" 49 items.
12:01:28.975   49 items loaded. (0 failed)
12:01:28.977 [CE][Storage] ver:25 stamp:536, valid:yes, name:"D:\SteamLibrary\steamapps\common\DayZServer\mpmissions\regular.namalsk\storage_1\data\dynamic_002.bin"
12:01:28.978 [CE][Storage] ver:25 stamp:505, valid:yes, name:"D:\SteamLibrary\steamapps\common\DayZServer\mpmissions\regular.namalsk\storage_1\data\dynamic_002.001"
12:01:28.979 [CE][Storage] ver:25 stamp:506, valid:yes, name:"D:\SteamLibrary\steamapps\common\DayZServer\mpmissions\regular.namalsk\storage_1\data\dynamic_002.002"
12:01:28.979 [CE][Storage] Restoring file "D:\SteamLibrary\steamapps\common\DayZServer\mpmissions\regular.namalsk\storage_1\data\dynamic_002.bin" 158 items.
12:01:29.130   158 items loaded. (0 failed)
12:01:29.131 [CE][Storage] ver:25 stamp:536, valid:yes, name:"D:\SteamLibrary\steamapps\common\DayZServer\mpmissions\regular.namalsk\storage_1\data\dynamic_003.bin"
12:01:29.131 [CE][Storage] ver:25 stamp:505, valid:yes, name:"D:\SteamLibrary\steamapps\common\DayZServer\mpmissions\regular.namalsk\storage_1\data\dynamic_003.001"
12:01:29.132 [CE][Storage] ver:25 stamp:506, valid:yes, name:"D:\SteamLibrary\steamapps\common\DayZServer\mpmissions\regular.namalsk\storage_1\data\dynamic_003.002"
12:01:29.132 [CE][Storage] Restoring file "D:\SteamLibrary\steamapps\common\DayZServer\mpmissions\regular.namalsk\storage_1\data\dynamic_003.bin" 997 items.
12:01:29.734   997 items loaded. (0 failed)
12:01:29.736 [CE][Storage] ver:25 stamp:536, valid:yes, name:"D:\SteamLibrary\steamapps\common\DayZServer\mpmissions\regular.namalsk\storage_1\data\dynamic_004.bin"
12:01:29.738 [CE][Storage] ver:25 stamp:505, valid:yes, name:"D:\SteamLibrary\steamapps\common\DayZServer\mpmissions\regular.namalsk\storage_1\data\dynamic_004.001"
12:01:29.739 [CE][Storage] ver:25 stamp:506, valid:yes, name:"D:\SteamLibrary\steamapps\common\DayZServer\mpmissions\regular.namalsk\storage_1\data\dynamic_004.002"
12:01:29.739 [CE][Storage] Restoring file "D:\SteamLibrary\steamapps\common\DayZServer\mpmissions\regular.namalsk\storage_1\data\dynamic_004.bin" 2267 items.
12:01:30.632   2267 items loaded. (0 failed)
12:01:30.635 [CE][Storage] ver:25 stamp:536, valid:yes, name:"D:\SteamLibrary\steamapps\common\DayZServer\mpmissions\regular.namalsk\storage_1\data\dynamic_005.bin"
12:01:30.636 [CE][Storage] ver:25 stamp:505, valid:yes, name:"D:\SteamLibrary\steamapps\common\DayZServer\mpmissions\regular.namalsk\storage_1\data\dynamic_005.001"
12:01:30.637 [CE][Storage] ver:25 stamp:506, valid:yes, name:"D:\SteamLibrary\steamapps\common\DayZServer\mpmissions\regular.namalsk\storage_1\data\dynamic_005.002"
12:01:30.637 [CE][Storage] Restoring file "D:\SteamLibrary\steamapps\common\DayZServer\mpmissions\regular.namalsk\storage_1\data\dynamic_005.bin" 978 items.
12:01:30.993   978 items loaded. (0 failed)
12:01:30.994 [CE][Storage] ver:25 stamp:536, valid:yes, name:"D:\SteamLibrary\steamapps\common\DayZServer\mpmissions\regular.namalsk\storage_1\data\dynamic_006.bin"
12:01:30.995 [CE][Storage] ver:25 stamp:505, valid:yes, name:"D:\SteamLibrary\steamapps\common\DayZServer\mpmissions\regular.namalsk\storage_1\data\dynamic_006.001"
12:01:30.996 [CE][Storage] ver:25 stamp:506, valid:yes, name:"D:\SteamLibrary\steamapps\common\DayZServer\mpmissions\regular.namalsk\storage_1\data\dynamic_006.002"
12:01:30.996 [CE][Storage] Restoring file "D:\SteamLibrary\steamapps\common\DayZServer\mpmissions\regular.namalsk\storage_1\data\dynamic_006.bin" 2068 items.
12:01:31.690   2068 items loaded. (0 failed)
12:01:31.695 [CE][Storage] ver:25 stamp:536, valid:yes, name:"D:\SteamLibrary\steamapps\common\DayZServer\mpmissions\regular.namalsk\storage_1\data\dynamic_007.bin"
12:01:31.696 [CE][Storage] ver:25 stamp:505, valid:yes, name:"D:\SteamLibrary\steamapps\common\DayZServer\mpmissions\regular.namalsk\storage_1\data\dynamic_007.001"
12:01:31.698 [CE][Storage] ver:25 stamp:506, valid:yes, name:"D:\SteamLibrary\steamapps\common\DayZServer\mpmissions\regular.namalsk\storage_1\data\dynamic_007.002"
12:01:31.698 [CE][Storage] Restoring file "D:\SteamLibrary\steamapps\common\DayZServer\mpmissions\regular.namalsk\storage_1\data\dynamic_007.bin" 825 items.
12:01:31.976   825 items loaded. (0 failed)
12:01:31.978 [CE][Storage] ver:25 stamp:536, valid:yes, name:"D:\SteamLibrary\steamapps\common\DayZServer\mpmissions\regular.namalsk\storage_1\data\dynamic_008.bin"
12:01:31.978 [CE][Storage] ver:25 stamp:505, valid:yes, name:"D:\SteamLibrary\steamapps\common\DayZServer\mpmissions\regular.namalsk\storage_1\data\dynamic_008.001"
12:01:31.979 [CE][Storage] ver:25 stamp:506, valid:yes, name:"D:\SteamLibrary\steamapps\common\DayZServer\mpmissions\regular.namalsk\storage_1\data\dynamic_008.002"
12:01:31.979 [CE][Storage] Restoring file "D:\SteamLibrary\steamapps\common\DayZServer\mpmissions\regular.namalsk\storage_1\data\dynamic_008.bin" 305 items.
12:01:32.93   305 items loaded. (0 failed)
12:01:32.93 [CE][Storage] ver:25 stamp:536, valid:yes, name:"D:\SteamLibrary\steamapps\common\DayZServer\mpmissions\regular.namalsk\storage_1\data\dynamic_009.bin"
12:01:32.94 [CE][Storage] ver:25 stamp:505, valid:yes, name:"D:\SteamLibrary\steamapps\common\DayZServer\mpmissions\regular.namalsk\storage_1\data\dynamic_009.001"
12:01:32.94 [CE][Storage] ver:25 stamp:506, valid:yes, name:"D:\SteamLibrary\steamapps\common\DayZServer\mpmissions\regular.namalsk\storage_1\data\dynamic_009.002"
12:01:32.95 [CE][Storage] Restoring file "D:\SteamLibrary\steamapps\common\DayZServer\mpmissions\regular.namalsk\storage_1\data\dynamic_009.bin" 0 items.
12:01:32.95   0 items loaded. (0 failed)
12:01:32.97 [CE][Storage] ver:25 stamp:536, valid:yes, name:"D:\SteamLibrary\steamapps\common\DayZServer\mpmissions\regular.namalsk\storage_1\data\dynamic_010.bin"
12:01:32.97 [CE][Storage] ver:25 stamp:505, valid:yes, name:"D:\SteamLibrary\steamapps\common\DayZServer\mpmissions\regular.namalsk\storage_1\data\dynamic_010.001"
12:01:32.98 [CE][Storage] ver:25 stamp:506, valid:yes, name:"D:\SteamLibrary\steamapps\common\DayZServer\mpmissions\regular.namalsk\storage_1\data\dynamic_010.002"
12:01:32.99 [CE][Storage] Restoring file "D:\SteamLibrary\steamapps\common\DayZServer\mpmissions\regular.namalsk\storage_1\data\dynamic_010.bin" 278 items.
12:01:32.197   278 items loaded. (0 failed)
12:01:32.199 [CE][Storage] ver:25 stamp:536, valid:yes, name:"D:\SteamLibrary\steamapps\common\DayZServer\mpmissions\regular.namalsk\storage_1\data\dynamic_011.bin"
12:01:32.200 [CE][Storage] ver:25 stamp:505, valid:yes, name:"D:\SteamLibrary\steamapps\common\DayZServer\mpmissions\regular.namalsk\storage_1\data\dynamic_011.001"
12:01:32.201 [CE][Storage] ver:25 stamp:506, valid:yes, name:"D:\SteamLibrary\steamapps\common\DayZServer\mpmissions\regular.namalsk\storage_1\data\dynamic_011.002"
12:01:32.201 [CE][Storage] Restoring file "D:\SteamLibrary\steamapps\common\DayZServer\mpmissions\regular.namalsk\storage_1\data\dynamic_011.bin" 23 items.
12:01:32.211   23 items loaded. (0 failed)
12:01:32.212 [CE][Storage] ver:26 stamp:536, valid:yes, name:"D:\SteamLibrary\steamapps\common\DayZServer\mpmissions\regular.namalsk\storage_1\data\building.bin"
12:01:32.213 [CE][Storage] ver:26 stamp:505, valid:yes, name:"D:\SteamLibrary\steamapps\common\DayZServer\mpmissions\regular.namalsk\storage_1\data\building.001"
12:01:32.213 [CE][Storage] ver:26 stamp:506, valid:yes, name:"D:\SteamLibrary\steamapps\common\DayZServer\mpmissions\regular.namalsk\storage_1\data\building.002"
12:01:32.214 [CE][Storage] Restoring file "D:\SteamLibrary\steamapps\common\DayZServer\mpmissions\regular.namalsk\storage_1\data\building.bin" 0 items.
12:01:32.214   0 items loaded. (0 failed)
12:01:32.215 [CE][Storage] ver:25 stamp:536, valid:yes, name:"D:\SteamLibrary\steamapps\common\DayZServer\mpmissions\regular.namalsk\storage_1\data\vehicles.bin"
12:01:32.215 [CE][Storage] ver:25 stamp:505, valid:yes, name:"D:\SteamLibrary\steamapps\common\DayZServer\mpmissions\regular.namalsk\storage_1\data\vehicles.001"
12:01:32.216 [CE][Storage] ver:25 stamp:506, valid:yes, name:"D:\SteamLibrary\steamapps\common\DayZServer\mpmissions\regular.namalsk\storage_1\data\vehicles.002"
12:01:32.216 [CE][Storage] Restoring file "D:\SteamLibrary\steamapps\common\DayZServer\mpmissions\regular.namalsk\storage_1\data\vehicles.bin" 43 items.
12:01:32.331   43 items loaded. (0 failed)
12:01:32.354 [CE][Hive] :: Storage load took:3.44 seconds, recovery stamp:536
12:01:32.354   entity: 8673, building: 0
12:01:32.354   no lifetime: 17
12:01:32.354   pathgraph's: 392
12:01:32.355 [CE][Hive] :: Initializing ... 
12:01:32.372 [CE][InitializeMap] :: initialized: 0
12:01:32.372 [CE][Hive] :: Initializing spawners ... 
12:01:32.372 [CE][LootRespawner] (PRIDummy) :: Initially (re)spawned:0, Nominal:12407, Total in Map: 9124 at 0 (sec)
12:01:32.372   tests:0, repeats:0 fails:0, overtime:0
12:01:33.671 [CE][DynEvent] :: 21 types
12:01:33.672 [00] Loot
12:01:33.672   Primary Spawner: "Loot", active: yes, repeat: 2
12:01:33.673 [01] StaticMedDrop
12:01:33.673   Primary Spawner: "Static", active: yes, repeat: 1
12:01:33.673 [02] StaticLifeboat
12:01:33.673   Primary Spawner: "Static", active: yes, repeat: 1
12:01:33.673 [03] ItemWoodenPlanks
12:01:33.673   Primary Spawner: "Item", active: yes, repeat: 1
12:01:33.673 [04] TrajectoryStones
12:01:33.674   Primary Spawner: "Trajectory", active: yes, repeat: 1
12:01:33.674 [05] InfectedSanta
12:01:33.674   Primary Spawner: "Infected", active: yes, repeat: 1
12:01:33.674 [06] InfectedArmy
12:01:33.674   Primary Spawner: "Infected", active: yes, repeat: 1
12:01:33.674 [07] InfectedIndustrial
12:01:33.674   Primary Spawner: "Infected", active: yes, repeat: 1
12:01:33.674 [08] InfectedCivil
12:01:33.674   Primary Spawner: "Infected", active: yes, repeat: 1
12:01:33.674 [09] InfectedMedic
12:01:33.674   Primary Spawner: "Infected", active: yes, repeat: 1
12:01:33.675 [10] AnimalGoat
12:01:33.675   Primary Spawner: "Animal", active: yes, repeat: 1
12:01:33.675 [11] AnimalSheep
12:01:33.675   Primary Spawner: "Animal", active: yes, repeat: 1
12:01:33.675 [12] AnimalRoeDeer
12:01:33.675   Primary Spawner: "Animal", active: yes, repeat: 1
12:01:33.675 [13] AnimalDeer
12:01:33.675   Primary Spawner: "Animal", active: yes, repeat: 1
12:01:33.675 [14] AnimalWildBoar
12:01:33.675   Primary Spawner: "Animal", active: yes, repeat: 1
12:01:33.675 [15] AnimalWolf
12:01:33.675   Primary Spawner: "Animal", active: yes, repeat: 1
12:01:33.675 [16] AnimalBrownBear
12:01:33.675   Primary Spawner: "Animal", active: yes, repeat: 1
12:01:33.675 [17] AnimalPolarBear
12:01:33.675   Primary Spawner: "Animal", active: yes, repeat: 1
12:01:33.676 [18] VehicleCivilianCars
12:01:33.676   Primary Spawner: "Vehicle", active: yes, repeat: 1
12:01:33.676 [19] VehicleTrucks
12:01:33.676   Primary Spawner: "Vehicle", active: yes, repeat: 1
12:01:33.676 [20] VehicleMilitary
12:01:33.676   Primary Spawner: "Vehicle", active: yes, repeat: 1
12:01:33.677 [CE][Hive] :: Initializing of spawners done.
12:01:33.680 [CE][Hive] :: Init sequence finished.
12:01:33.681 Player connect enabled
12:01:34.88 [IdleMode] Entering IN - save processed
12:04:22.679 [Login]: Adding player Coffee (33946733) to login queue at position 0
12:04:22.679 [LoginMachine]: Add player Coffee (33946733 192.168.1.2:2317)
12:04:22.679 [StateMachine]: Player Coffee (dpnid 33946733 uid ) Entering AuthPlayerLoginState
12:04:24.375 [StateMachine]: Player Coffee (dpnid 33946733 uid ) Entering WaitAuthPlayerLoginState
12:04:28.253 [IdleMode] Leaving OUT
12:04:28.630 Player Coffee connected (id=KJsEqPk5EMn9la7dpUj5AmHXeYod84U874D5hNgcxKs=).
12:04:28.630 Player "Coffee" is connected (steamID=76561198430409881)
12:04:28.630 [StateMachine]: Player Coffee (dpnid 33946733 uid ) Entering WaitPlayerAssignedLoginState
12:04:29.344 [StateMachine]: Player Coffee (dpnid 33946733 uid KJsEqPk5EMn9la7dpUj5AmHXeYod84U874D5hNgcxKs=) Entering DBGetLoginTimeLoginState
12:04:29.347 [StateMachine]: Player Coffee (dpnid 33946733 uid KJsEqPk5EMn9la7dpUj5AmHXeYod84U874D5hNgcxKs=) Entering DBWaitLoginTimeLoginState
12:04:44.347 [StateMachine]: Player Coffee (dpnid 33946733 uid KJsEqPk5EMn9la7dpUj5AmHXeYod84U874D5hNgcxKs=) Entering DBGetCharacterLoginState
12:04:44.348 [StateMachine]: Player Coffee (dpnid 33946733 uid KJsEqPk5EMn9la7dpUj5AmHXeYod84U874D5hNgcxKs=) Entering CreateNetObjectsLoginState
12:04:44.350 [StateMachine]: Player Coffee (dpnid 33946733 uid KJsEqPk5EMn9la7dpUj5AmHXeYod84U874D5hNgcxKs=) Entering PreloadCamLoginState
12:04:44.350 [StateMachine]: Player Coffee (dpnid 33946733 uid KJsEqPk5EMn9la7dpUj5AmHXeYod84U874D5hNgcxKs=) Entering WaitPreloadCamLoginState
12:04:50.252 [CE][LootRespawner] (PRIDummy) :: Item [0] causing search overtime: "bl_pallet"
12:04:50.353 [CE][LootRespawner] (PRIDummy) :: Item [1] causing search overtime: "Msp_Greenhouse_Vanilla_Kit"
12:04:50.452 [CE][LootRespawner] (PRIDummy) :: Item [2] causing search overtime: "bl_coffee_bag"
12:04:50.552 [CE][LootRespawner] (PRIDummy) :: Item [3] causing search overtime: "Msp_Greenhouse_White_Kit"
12:04:50.652 [CE][LootRespawner] (PRIDummy) :: Item [0] is hard to place, performance drops: "Msp_BaseballCap_Red"
12:04:50.653 [CE][LootRespawner] (PRIDummy) :: Item [1] is hard to place, performance drops: "Msp_BaseballCap_Red"
12:04:50.653 [CE][LootRespawner] (PRIDummy) :: Item [2] is hard to place, performance drops: "Msp_BaseballCap_Red"
12:04:50.653 [CE][LootRespawner] (PRIDummy) :: Item [3] is hard to place, performance drops: "Msp_BaseballCap_Red"
12:04:50.653 [CE][LootRespawner] (PRIDummy) :: Item [4] is hard to place, performance drops: "Msp_BaseballCap_Red"
12:04:50.653 [CE][LootRespawner] (PRIDummy) :: Item [4] causing search overtime: "Msp_BaseballCap_Red"
12:04:50.754 !!! [CE][Point] Removing 5050.001953, 5344.979492 from land_wrecked_ural_onside
12:04:50.853 [CE][LootRespawner] (PRIDummy) :: Item [5] causing search overtime: "HuntingBag"
12:04:50.953 [CE][LootRespawner] (PRIDummy) :: Item [6] causing search overtime: "Msp_CoffinBox"
12:04:51.53 [CE][LootRespawner] (PRIDummy) :: Item [5] is hard to place, performance drops: "BalaclavaMask_Blue"
12:04:51.53 [CE][LootRespawner] (PRIDummy) :: Item [6] is hard to place, performance drops: "BalaclavaMask_Blue"
12:04:51.53 [CE][LootRespawner] (PRIDummy) :: Item [7] is hard to place, performance drops: "BalaclavaMask_Blue"
12:04:51.54 [CE][LootRespawner] (PRIDummy) :: Item [8] is hard to place, performance drops: "BalaclavaMask_Blue"
12:04:51.153 !!! [CE][Point] Removing 5047.218750, 5350.023438 from land_wrecked_ural_onside
12:04:51.157 [CE][LootRespawner] (PRIDummy) :: Item [9] is hard to place, performance drops: "Msp_BeachBall"
12:04:51.253 !!! [CE][Point] Removing 5050.700684, 5346.977051 from land_wrecked_ural_onside
12:04:51.352 [CE][LootRespawner] (PRIDummy) :: Item [10] is hard to place, performance drops: "bl_repair_anvil"
12:04:51.352 [CE][LootRespawner] (PRIDummy) :: Item [11] is hard to place, performance drops: "bl_repair_anvil"
12:04:51.352 [CE][LootRespawner] (PRIDummy) :: Item [12] is hard to place, performance drops: "bl_repair_anvil"
12:04:51.352 [CE][LootRespawner] (PRIDummy) :: Item [13] is hard to place, performance drops: "bl_repair_anvil"
12:04:51.352 [CE][LootRespawner] (PRIDummy) :: Item [14] is hard to place, performance drops: "bl_repair_anvil"
12:04:51.352 [CE][LootRespawner] (PRIDummy) :: Item [15] is hard to place, performance drops: "bl_repair_anvil"
12:04:51.353 [CE][LootRespawner] (PRIDummy) :: Item [7] causing search overtime: "bl_repair_anvil"
12:04:51.453 [CE][LootRespawner] (PRIDummy) :: Item [8] causing search overtime: "Mag_AK101_30Rnd"
12:04:51.652 [CE][LootRespawner] (PRIDummy) :: Item [9] causing search overtime: "Msp_SoloLocker_Red_Kit"
12:04:51.753 [CE][LootRespawner] (PRIDummy) :: Item [10] causing search overtime: "Mag_CMAG_30Rnd"
12:04:51.855 [CE][LootRespawner] (PRIDummy) :: Item [16] is hard to place, performance drops: "ZmbM_usSoldier_normal_Desert"
12:04:51.953 [CE][LootRespawner] (PRIDummy) :: Item [11] causing search overtime: "Mag_CMAG_40Rnd"
12:04:52.153 [CE][LootRespawner] (PRIDummy) :: Item [12] causing search overtime: "Msp_Wardrobe_White_Kit"
12:05:05.162 [StateMachine]: Player Coffee (dpnid 33946733 uid KJsEqPk5EMn9la7dpUj5AmHXeYod84U874D5hNgcxKs=) Entering GetLoadedCharLoginState
12:05:08.336 <LOAD EXISTING CHAR>:
    charID 1
    playerID 1
    dpnid 33946733
    uid KJsEqPk5EMn9la7dpUj5AmHXeYod84U874D5hNgcxKs=
12:05:20.242 [CE][LootRespawner] (PRIDummy) :: Item [13] causing search overtime: "Msp_Wardrobe_White_Kit"
12:05:20.342 [CE][LootRespawner] (PRIDummy) :: Item [14] causing search overtime: "Msp_RifleSafe_Tan_Kit"
12:05:20.442 [CE][LootRespawner] (PRIDummy) :: Item [15] causing search overtime: "Msp_GunCabinet_Kit"
12:05:20.542 [CE][LootRespawner] (PRIDummy) :: Item [17] is hard to place, performance drops: "NBCPantsGray"
12:05:20.556 [CE][LootRespawner] (PRIDummy) :: Item [16] causing search overtime: "NBCPantsGray"
12:05:20.642 [CE][LootRespawner] (PRIDummy) :: Item [17] causing search overtime: "AmmoBox_545x39Tracer_20Rnd"
12:05:20.744 [CE][LootRespawner] (PRIDummy) :: Item [18] causing search overtime: "Mag_Saiga_Drum20Rnd"
12:05:20.843 [CE][LootRespawner] (PRIDummy) :: Item [18] is hard to place, performance drops: "PressVest_LightBlue"
12:05:20.844 [CE][LootRespawner] (PRIDummy) :: Item [19] is hard to place, performance drops: "PressVest_LightBlue"
12:05:21.141 [CE][LootRespawner] (PRIDummy) :: Item [19] causing search overtime: "Msp_Wardrobe_Green_Kit"
12:05:47.343 !!! [CE][Point] Removing 5048.647461, 5353.225098 from land_wrecked_ural_onside
12:06:41.45 !!! [CE][Point] Removing 5049.828613, 5349.252930 from land_wrecked_ural_onside
12:07:10.982 [Disconnect]: Start script disconnect 33946733 (dbCharacterId 1 dbPlayerId 1) logoutTime 15
12:07:12.532 [Disconnect]: Client 33946733 disconnecting
12:07:12.533 [Disconnect]: Client 33946733 early disconnect
12:07:12.535 [Disconnect]: Start script disconnect 33946733 (dbCharacterId 1 dbPlayerId 1) logoutTime 15
12:07:23.335 [Disconnect]: No packets from 33946733
12:07:23.335 Player Coffee (33946733) kicked from server: 4 (Connection with host has been lost.)
12:07:24.335 [Disconnect]: Remove player info 33946733
12:07:24.338 [Disconnect]: Player destroy 33946733 
12:07:25.983 [Disconnect]: Finish script disconnect -1 (KJsEqPk5EMn9la7dpUj5AmHXeYod84U874D5hNgcxKs=)
12:08:39.794 [IdleMode] Entering IN - save processed
12:09:38.573  --- Termination successfully completed --- 
