---------------------------------------------
Log D:\SteamLibrary\steamapps\common\DayZServer\set\server02\script_2023-10-17_21-31-23.log started at 17.10. 21:31:23

SCRIPT       : Registered 391 temporary action enum(s), UAN==391
SCRIPT       : ... Backlit Effects Enabled
SCRIPT       : VPPNotificationManager()
SCRIPT       : [VPPAT] Internal VPPNotifications module loaded!
SCRIPT       : [DayZ Game]:: DayZGame(): Initializing V++ Admin Tools.
SCRIPT       : 21:31:30 [EXPANSION LOG]: DayZGame<384deb90> Start time (local time) 2023-10-17 21:31:15
SCRIPT       : 21:31:30 [EXPANSION LOG]: DayZGame<384deb90> Start time (UTC) 2023-10-17 13:31:15
SCRIPT       : 21:31:30 [EXPANSION LOG]: DayZGame<384deb90> Runtime since start (seconds) 15.674
SCRIPT    (W): @"relife_UncoSound/scripts/4_World/playerbase.c,37": Missing ';' at the end of line
SCRIPT    (W): @"VPPAdminTools/4_World/vppadmintools\plugins\pluginbase\webhooksmanager\classes\webhookmessagebase.c,53": Possible variable name conflict 'title'
SCRIPT    (W): @"VPPAdminTools/4_World/vppadmintools\plugins\pluginbase\webhooksmanager\classes\webhookmessagebase.c,53": Possible variable name conflict 'color'
SCRIPT    (W): @"relife_UncoSound/scripts/4_World/playerbase.c,35": FIX-ME: Overriding function 'OnUnconsciousStart' but not marked as 'override'
SCRIPT    (W): @"relife_UncoSound/scripts/4_World/playerbase.c,46": FIX-ME: Overriding function 'OnUnconsciousStop' but not marked as 'override'
SCRIPT    (W): @"VPPAdminTools/4_World/vppadmintools\plugins\pluginbase\webhooksmanager\classes\messagetypes\joinleavemessage.c,7": Possible variable name conflict 'guid'
SCRIPT    (W): @"VPPAdminTools/4_World/vppadmintools\plugins\pluginbase\webhooksmanager\classes\messagetypes\joinleavemessage.c,7": Possible variable name conflict 'details'
SCRIPT    (W): @"VPPAdminTools/4_World/vppadmintools\plugins\pluginbase\admintools\admintools.c,60": No need to use 'Cast' for up-casting
SCRIPT    (W): @"VPPAdminTools/5_Mission/vppadmintools\gui\submenus\menuobjectmanager\menuobjectmanager.c,203": Missing ';' at the end of line
SCRIPT    (W): @"EarPlugs/scripts/5_Mission/earplugs\ingamehud.c,6": FIX-ME: Overriding function 'IsHudVisible' but not marked as 'override'
SCRIPT    (W): @"VPPAdminTools/5_Mission/vppadmintools\gui\vppadminhud.c,126": Unsafe down-casting, use 'MenuObjectManager.Cast' for safe down-casting
SCRIPT    (W): @"VPPAdminTools/5_Mission/vppadmintools\gui\submenus\menuesptools\esptoolsmenu.c,580": Unsafe down-casting, use 'EntityAI.Cast' for safe down-casting
SCRIPT    (W): @"VPPAdminTools/5_Mission/vppadmintools\gui\submenus\menuplayermanager\menuplayermanager.c,71": FIX-ME: Callbacks do not properly support overloaded methods 'OnUpdate'
SCRIPT    (W): @"VPPAdminTools/5_Mission/vppadmintools\missiondebug.c,38": Unsafe down-casting, use 'PlayerBase.Cast' for safe down-casting
SCRIPT       : Vanilla++ AdminTools Plugins Registering..
SCRIPT       : [BL_Crafting_Config] --- Loading Config.
SCRIPT       : [VPPAdminTools] credentials.txt was not found. The tool will not operate as intended. Please shutdown the server, and create a password within credentials.txt (Maximum 64 characters)
SCRIPT       : Expansion version: 1.8.26
SCRIPT       : 21:31:57.953 [EXPANSION DEBUG]: [ExpansionDebugSettings] No existing setting file:$profile:ExpansionMod\Settings\DebugSettings.json. Creating defaults!
SCRIPT       : [ExpansionDebugSettings] Saving settings
SCRIPT       : 21:31:57.953 [EXPANSION DEBUG]: [ExpansionLogSettings] No existing setting file:$profile:ExpansionMod\Settings\LogsSettings.json. Creating defaults!
SCRIPT       : [ExpansionLogSettings] Saving settings
SCRIPT       : 21:31:57.953 [EXPANSION DEBUG]: [ExpansionSafeZoneSettings] No existing setting file:$mission:expansion\settings\SafeZoneSettings.json. Creating defaults!
SCRIPT       : [ExpansionSafeZoneSettings] Saving settings
SCRIPT       : 21:31:57.953 [EXPANSION DEBUG]: [ExpansionNotificationSettings] No existing setting file:$profile:ExpansionMod\Settings\NotificationSettings.json. Creating defaults!
SCRIPT       : [ExpansionNotificationSettings] Saving settings
SCRIPT       : 21:31:57.953 [EXPANSION DEBUG]: [ExpansionMonitoringSettings] No existing setting file:$profile:ExpansionMod\Settings\MonitoringSettings.json. Creating defaults!
SCRIPT       : [ExpansionMonitoringSettings] Saving settings
SCRIPT       : 21:31:57.953 [EXPANSION DEBUG]: [ExpansionDamageSystemSettings] No existing setting file:$profile:ExpansionMod\Settings\DamageSystemSettings.json. Creating defaults!
SCRIPT       : 21:31:57.960 [EXPANSION DEBUG]: [ExpansionVehicleSettings] No existing setting file:$profile:ExpansionMod\Settings\VehicleSettings.json. Creating defaults!
SCRIPT       : [ExpansionVehicleSettings] Saving settings
SCRIPT       : [DefineTest] EXPANSIONMODANIMATIONS is defined
SCRIPT       : [DefineTest] EXPANSIONMODCORE is defined
SCRIPT       : [DefineTest] EXPANSIONMODGARAGE is defined
SCRIPT       : [DefineTest] EXPANSIONMODVEHICLE is defined
SCRIPT       : [DefineTest] CfgMods:
SCRIPT       : defaultAction
SCRIPT       : DayZ
SCRIPT       : BF_Define
SCRIPT       : DZ_Expansion_Animations_Preload
SCRIPT       : DZ_Expansion_Core_Preload
SCRIPT       : DZ_Expansion_Garage_Preload
SCRIPT       : DZ_Expansion_ModStorage_Preload
SCRIPT       : DZ_Expansion_Vehicles_Preload
SCRIPT       : bl_shared_data
SCRIPT       : bl_stove
SCRIPT       : DZ_DabsFramework
SCRIPT       : DZ_Expansion_DefineTest
SCRIPT       : bliss
SCRIPT       : EarPlugs
SCRIPT       : Inventory_Zipper
SCRIPT       : DZ_InventoryMoveSounds
SCRIPT       : JM_CommunityFramework
SCRIPT       : PvZmoD_CustomisableZombies
SCRIPT       : BoostZombiesVisionAddon
SCRIPT       : sFramework
SCRIPT       : sGunplay
SCRIPT       : bl_pallet
SCRIPT       : relife_UncoSound
SCRIPT       : AVPPAdminTools
SCRIPT       : ZenImmersiveLogin
SCRIPT       : bl_carpet
SCRIPT       : bl_deposit
SCRIPT       : bl_fridge
SCRIPT       : bl_lamps
SCRIPT       : bl_paintings
SCRIPT       : bl_pallet_bed
SCRIPT       : bl_pallet_box
SCRIPT       : bl_pallet_cabinet
SCRIPT       : bl_pallet_table
SCRIPT       : bl_plants
SCRIPT       : bl_rain_collector
SCRIPT       : bl_special
SCRIPT       : DZ_Expansion_ModStorage
SCRIPT       : dbo_dil
SCRIPT       : dbo_tiger
SCRIPT       : ZenCraftingSounds
SCRIPT       : BuildingFortifications
SCRIPT       : DZ_Expansion_Core
SCRIPT       : DZ_Expansion_Garage
SCRIPT       : DZ_Expansion_NotificationScheduler
SCRIPT       : DZ_Expansion_VanillaFixes
SCRIPT       : DZ_Expansion_Vehicles
SCRIPT       : dbo_raptor
SCRIPT       : [BL_General_Config] --- OnInit --- 
SCRIPT       : [BL_Crafting_Config] --- OnInit --- 
SCRIPT       : [BL_Workbench_Config] --- OnInit --- 
SCRIPT       : [BL_Item_Config] --- OnInit --- 
SCRIPT       : [BL_General_Config] --- Loading Config.
SCRIPT       : [BL_Workbench_Config] --- Loading Config.
SCRIPT       : [BL_Item_Config] --- Loading Config.
SCRIPT       : [BL_Object_Spawner] --- Loading Config.
SCRIPT       : 13:31:57 [ii] ::SUserConfigConstraints::load : Loading SUserConfigConstraints_Gunplay
SCRIPT       : 13:31:57 [ee] ::SFileHelper::cat : The file [ $profile:\sUDE\config\sGunplay_constraints.json ] doesn't exists
SCRIPT       : 13:31:57 [ww] ::SUserConfigConstraints : Couldn't load neither user config constraint [ $profile:\sUDE\config\sGunplay_constraints.json ]
SCRIPT       : 13:31:57 [ii] │	├ ::SUserConfigConstraints : Creating SUserConfigConstraints_Gunplay config constraint file : $profile:\sUDE\config\sGunplay_constraints.json
SCRIPT       : 13:31:57 [ii] │	│	├ Done
SCRIPT       : 13:31:57 [ii] │	├ Done -> SUserConfigConstraints_Gunplay<7dcc5110>
SCRIPT       : [MissionServer] OnInit - Server
SCRIPT       : 21:31:58.046 [EXPANSION DEBUG]: ModStorage v5
SCRIPT       : [MissionServer] OnMissionStart - Server
SCRIPT       : string dirtyName = 'Coffee'sTestServer'
SCRIPT       : Found 0 zones!
SCRIPT       : m_LoginTimeMs: 16200
SCRIPT       : [VPPAT] Player "Coffee" (steamId=76561198430409881) connected to server!
SCRIPT       : [emote] SurvivorM_Niki:01 play emote id=5 IH=null
SCRIPT       : [Logout]: New player KJsEqPk5EMn9la7dpUj5AmHXeYod84U874D5hNgcxKs= with logout time 15
SCRIPT       : Player "Coffee" (steamid=76561198430409881) initiated disconnect process...
SCRIPT       : [emote] SurvivorM_Niki:01 play emote id=14 IH=null
SCRIPT       : Player "Coffee" (steamid=76561198430409881) disconnected early from server (EXIT NOW).
SCRIPT       : [Logout]: Player KJsEqPk5EMn9la7dpUj5AmHXeYod84U874D5hNgcxKs= finished
SCRIPT       : PlayerDisconnected -> PlayerListManager.RemoveEntry ► KJsEqPk5EMn9la7dpUj5AmHXeYod84U874D5hNgcxKs=
SCRIPT       : Clear up static fireplaces: 0
SCRIPT       : [MissionServer] OnMissionFinish - Server
SCRIPT       : ~DayZGame()
